0 verbose cli C:\Program Files\nodejs\node.exe C:\Program Files\nodejs\node_modules\npm\bin\npm-cli.js
1 info using npm@11.6.2
2 info using node@v24.13.0
3 silly config load:file:C:\Program Files\nodejs\node_modules\npm\npmrc
4 silly config load:file:C:\Users\jamel\.npmrc
5 silly config load:file:C:\Users\jamel\Code\architect-portfolio\%APPDATA%\npm\etc\npmrc
6 verbose title npm install serve
7 verbose argv "install" "--global" "serve"
8 verbose logfile logs-max:10 dir:C:\Users\jamel\Code\architect-portfolio\%APPDATA%\npm-cache\_logs\2026-02-06T15_53_42_058Z-
9 verbose logfile C:\Users\jamel\Code\architect-portfolio\%APPDATA%\npm-cache\_logs\2026-02-06T15_53_42_058Z-debug-0.log
10 silly packumentCache heap:4496293888 maxSize:1124073472 maxEntrySize:562036736
11 silly logfile done cleaning log files
12 silly idealTree buildDeps
13 silly fetch manifest serve@*
14 silly packumentCache full:https://registry.npmjs.org/serve cache-miss
15 http fetch GET 200 https://registry.npmjs.org/serve 460ms (cache miss)
16 silly packumentCache full:https://registry.npmjs.org/serve set size:undefined disposed:false
17 silly placeDep ROOT serve@14.2.5 OK for:  want: *
18 silly fetch manifest ajv@8.12.0
19 silly packumentCache full:https://registry.npmjs.org/ajv cache-miss
20 silly fetch manifest arg@5.0.2
21 silly packumentCache full:https://registry.npmjs.org/arg cache-miss
22 silly fetch manifest boxen@7.0.0
23 silly packumentCache full:https://registry.npmjs.org/boxen cache-miss
24 silly fetch manifest chalk@5.0.1
25 silly packumentCache full:https://registry.npmjs.org/chalk cache-miss
26 silly fetch manifest clipboardy@3.0.0
27 silly packumentCache full:https://registry.npmjs.org/clipboardy cache-miss
28 silly fetch manifest compression@1.8.1
29 silly packumentCache full:https://registry.npmjs.org/compression cache-miss
30 silly fetch manifest update-check@1.5.4
31 silly packumentCache full:https://registry.npmjs.org/update-check cache-miss
32 http fetch GET 200 https://registry.npmjs.org/ajv 272ms (cache miss)
33 silly packumentCache full:https://registry.npmjs.org/ajv set size:undefined disposed:false
34 silly fetch manifest @zeit/schemas@2.36.0
35 silly packumentCache full:https://registry.npmjs.org/@zeit%2fschemas cache-miss
36 http fetch GET 200 https://registry.npmjs.org/update-check 307ms (cache miss)
37 silly packumentCache full:https://registry.npmjs.org/update-check set size:undefined disposed:false
38 silly fetch manifest serve-handler@6.1.6
39 silly packumentCache full:https://registry.npmjs.org/serve-handler cache-miss
40 http fetch GET 200 https://registry.npmjs.org/compression 350ms (cache miss)
41 silly packumentCache full:https://registry.npmjs.org/compression set size:undefined disposed:false
42 silly fetch manifest chalk-template@0.4.0
43 silly packumentCache full:https://registry.npmjs.org/chalk-template cache-miss
44 http fetch GET 200 https://registry.npmjs.org/boxen 377ms (cache miss)
45 silly packumentCache full:https://registry.npmjs.org/boxen set size:undefined disposed:false
46 silly fetch manifest is-port-reachable@4.0.0
47 silly packumentCache full:https://registry.npmjs.org/is-port-reachable cache-miss
48 http fetch GET 200 https://registry.npmjs.org/clipboardy 391ms (cache miss)
49 silly packumentCache full:https://registry.npmjs.org/clipboardy set size:undefined disposed:false
50 http fetch GET 200 https://registry.npmjs.org/chalk 415ms (cache miss)
51 silly packumentCache full:https://registry.npmjs.org/chalk set size:undefined disposed:false
52 http fetch GET 200 https://registry.npmjs.org/arg 423ms (cache miss)
53 silly packumentCache full:https://registry.npmjs.org/arg set size:undefined disposed:false
54 http fetch GET 200 https://registry.npmjs.org/@zeit%2fschemas 160ms (cache miss)
55 silly packumentCache full:https://registry.npmjs.org/@zeit%2fschemas set size:undefined disposed:false
56 http fetch GET 200 https://registry.npmjs.org/chalk-template 107ms (cache miss)
57 silly packumentCache full:https://registry.npmjs.org/chalk-template set size:undefined disposed:false
58 http fetch GET 200 https://registry.npmjs.org/serve-handler 163ms (cache miss)
59 silly packumentCache full:https://registry.npmjs.org/serve-handler set size:undefined disposed:false
60 http fetch GET 200 https://registry.npmjs.org/is-port-reachable 132ms (cache miss)
61 silly packumentCache full:https://registry.npmjs.org/is-port-reachable set size:undefined disposed:false
62 silly placeDep node_modules/serve @zeit/schemas@2.36.0 OK for: serve@14.2.5 want: 2.36.0
63 silly placeDep node_modules/serve ajv@8.12.0 OK for: serve@14.2.5 want: 8.12.0
64 silly placeDep node_modules/serve arg@5.0.2 OK for: serve@14.2.5 want: 5.0.2
65 silly placeDep node_modules/serve boxen@7.0.0 OK for: serve@14.2.5 want: 7.0.0
66 silly placeDep node_modules/serve chalk@5.0.1 OK for: serve@14.2.5 want: 5.0.1
67 silly placeDep node_modules/serve chalk-template@0.4.0 OK for: serve@14.2.5 want: 0.4.0
68 silly placeDep node_modules/serve clipboardy@3.0.0 OK for: serve@14.2.5 want: 3.0.0
69 silly placeDep node_modules/serve compression@1.8.1 OK for: serve@14.2.5 want: 1.8.1
70 silly placeDep node_modules/serve is-port-reachable@4.0.0 OK for: serve@14.2.5 want: 4.0.0
71 silly placeDep node_modules/serve serve-handler@6.1.6 OK for: serve@14.2.5 want: 6.1.6
72 silly placeDep node_modules/serve update-check@1.5.4 OK for: serve@14.2.5 want: 1.5.4
73 silly fetch manifest uri-js@^4.2.2
74 silly packumentCache full:https://registry.npmjs.org/uri-js cache-miss
75 silly fetch manifest fast-deep-equal@^3.1.1
76 silly packumentCache full:https://registry.npmjs.org/fast-deep-equal cache-miss
77 silly fetch manifest require-from-string@^2.0.2
78 silly packumentCache full:https://registry.npmjs.org/require-from-string cache-miss
79 silly fetch manifest json-schema-traverse@^1.0.0
80 silly packumentCache full:https://registry.npmjs.org/json-schema-traverse cache-miss
81 silly fetch manifest chalk@^5.0.1
82 silly packumentCache full:https://registry.npmjs.org/chalk cache-miss
83 silly fetch manifest camelcase@^7.0.0
84 silly packumentCache full:https://registry.npmjs.org/camelcase cache-miss
85 silly fetch manifest cli-boxes@^3.0.0
86 silly packumentCache full:https://registry.npmjs.org/cli-boxes cache-miss
87 http cache https://registry.npmjs.org/chalk 31ms (cache hit)
88 silly packumentCache full:https://registry.npmjs.org/chalk set size:117861 disposed:false
89 silly fetch manifest type-fest@^2.13.0
90 silly packumentCache full:https://registry.npmjs.org/type-fest cache-miss
91 http fetch GET 200 https://registry.npmjs.org/json-schema-traverse 106ms (cache miss)
92 silly packumentCache full:https://registry.npmjs.org/json-schema-traverse set size:undefined disposed:false
93 silly fetch manifest wrap-ansi@^8.0.1
94 silly packumentCache full:https://registry.npmjs.org/wrap-ansi cache-miss
95 http fetch GET 200 https://registry.npmjs.org/uri-js 117ms (cache miss)
96 silly packumentCache full:https://registry.npmjs.org/uri-js set size:undefined disposed:false
97 silly fetch manifest ansi-align@^3.0.1
98 silly packumentCache full:https://registry.npmjs.org/ansi-align cache-miss
99 http fetch GET 200 https://registry.npmjs.org/cli-boxes 122ms (cache miss)
100 silly packumentCache full:https://registry.npmjs.org/cli-boxes set size:undefined disposed:false
101 silly fetch manifest widest-line@^4.0.1
102 silly packumentCache full:https://registry.npmjs.org/widest-line cache-miss
103 http fetch GET 200 https://registry.npmjs.org/camelcase 134ms (cache miss)
104 silly packumentCache full:https://registry.npmjs.org/camelcase set size:undefined disposed:false
105 silly fetch manifest string-width@^5.1.2
106 silly packumentCache full:https://registry.npmjs.org/string-width cache-miss
107 http fetch GET 200 https://registry.npmjs.org/fast-deep-equal 144ms (cache miss)
108 silly packumentCache full:https://registry.npmjs.org/fast-deep-equal set size:undefined disposed:false
109 silly fetch manifest chalk@^4.1.2
110 silly packumentCache full:https://registry.npmjs.org/chalk cache-hit
111 silly fetch manifest arch@^2.2.0
112 silly packumentCache full:https://registry.npmjs.org/arch cache-miss
113 http fetch GET 200 https://registry.npmjs.org/require-from-string 152ms (cache miss)
114 silly packumentCache full:https://registry.npmjs.org/require-from-string set size:undefined disposed:false
115 silly fetch manifest execa@^5.1.1
116 silly packumentCache full:https://registry.npmjs.org/execa cache-miss
117 http fetch GET 200 https://registry.npmjs.org/type-fest 161ms (cache miss)
118 silly packumentCache full:https://registry.npmjs.org/type-fest set size:undefined disposed:false
119 silly fetch manifest is-wsl@^2.2.0
120 silly packumentCache full:https://registry.npmjs.org/is-wsl cache-miss
121 http fetch GET 200 https://registry.npmjs.org/ansi-align 113ms (cache miss)
122 silly packumentCache full:https://registry.npmjs.org/ansi-align set size:undefined disposed:false
123 silly fetch manifest bytes@3.1.2
124 silly packumentCache full:https://registry.npmjs.org/bytes cache-miss
125 http fetch GET 200 https://registry.npmjs.org/wrap-ansi 126ms (cache miss)
126 silly packumentCache full:https://registry.npmjs.org/wrap-ansi set size:undefined disposed:false
127 silly fetch manifest compressible@~2.0.18
128 silly packumentCache full:https://registry.npmjs.org/compressible cache-miss
129 http fetch GET 200 https://registry.npmjs.org/arch 108ms (cache miss)
130 silly packumentCache full:https://registry.npmjs.org/arch set size:undefined disposed:false
131 silly fetch manifest debug@2.6.9
132 silly packumentCache full:https://registry.npmjs.org/debug cache-miss
133 http fetch GET 200 https://registry.npmjs.org/widest-line 135ms (cache miss)
134 silly packumentCache full:https://registry.npmjs.org/widest-line set size:undefined disposed:false
135 silly fetch manifest negotiator@~0.6.4
136 silly packumentCache full:https://registry.npmjs.org/negotiator cache-miss
137 http fetch GET 200 https://registry.npmjs.org/string-width 133ms (cache miss)
138 silly packumentCache full:https://registry.npmjs.org/string-width set size:undefined disposed:false
139 silly fetch manifest on-headers@~1.1.0
140 silly packumentCache full:https://registry.npmjs.org/on-headers cache-miss
141 http fetch GET 200 https://registry.npmjs.org/execa 137ms (cache miss)
142 silly packumentCache full:https://registry.npmjs.org/execa set size:undefined disposed:false
143 silly fetch manifest safe-buffer@5.2.1
144 silly packumentCache full:https://registry.npmjs.org/safe-buffer cache-miss
145 http fetch GET 200 https://registry.npmjs.org/is-wsl 97ms (cache miss)
146 silly packumentCache full:https://registry.npmjs.org/is-wsl set size:undefined disposed:false
147 silly fetch manifest vary@~1.1.2
148 silly packumentCache full:https://registry.npmjs.org/vary cache-miss
149 http fetch GET 200 https://registry.npmjs.org/bytes 97ms (cache miss)
150 silly packumentCache full:https://registry.npmjs.org/bytes set size:undefined disposed:false
151 silly fetch manifest bytes@3.0.0
152 silly packumentCache full:https://registry.npmjs.org/bytes cache-miss
153 http fetch GET 200 https://registry.npmjs.org/compressible 98ms (cache miss)
154 silly packumentCache full:https://registry.npmjs.org/compressible set size:undefined disposed:false
155 silly fetch manifest minimatch@3.1.2
156 silly packumentCache full:https://registry.npmjs.org/minimatch cache-miss
157 http cache https://registry.npmjs.org/bytes 30ms (cache hit)
158 silly packumentCache full:https://registry.npmjs.org/bytes set size:37018 disposed:false
159 silly fetch manifest mime-types@2.1.18
160 silly packumentCache full:https://registry.npmjs.org/mime-types cache-miss
161 http fetch GET 200 https://registry.npmjs.org/negotiator 102ms (cache miss)
162 silly packumentCache full:https://registry.npmjs.org/negotiator set size:undefined disposed:false
163 silly fetch manifest range-parser@1.2.0
164 silly packumentCache full:https://registry.npmjs.org/range-parser cache-miss
165 http fetch GET 200 https://registry.npmjs.org/debug 129ms (cache miss)
166 silly packumentCache full:https://registry.npmjs.org/debug set size:undefined disposed:false
167 silly fetch manifest path-is-inside@1.0.2
168 silly packumentCache full:https://registry.npmjs.org/path-is-inside cache-miss
169 http fetch GET 200 https://registry.npmjs.org/vary 98ms (cache miss)
170 silly packumentCache full:https://registry.npmjs.org/vary set size:undefined disposed:false
171 silly fetch manifest path-to-regexp@3.3.0
172 silly packumentCache full:https://registry.npmjs.org/path-to-regexp cache-miss
173 http fetch GET 200 https://registry.npmjs.org/on-headers 138ms (cache miss)
174 silly packumentCache full:https://registry.npmjs.org/on-headers set size:undefined disposed:false
175 silly fetch manifest content-disposition@0.5.2
176 silly packumentCache full:https://registry.npmjs.org/content-disposition cache-miss
177 http fetch GET 200 https://registry.npmjs.org/safe-buffer 121ms (cache miss)
178 silly packumentCache full:https://registry.npmjs.org/safe-buffer set size:undefined disposed:false
179 silly fetch manifest registry-auth-token@3.3.2
180 silly packumentCache full:https://registry.npmjs.org/registry-auth-token cache-miss
181 http fetch GET 200 https://registry.npmjs.org/minimatch 130ms (cache miss)
182 silly packumentCache full:https://registry.npmjs.org/minimatch set size:undefined disposed:false
183 silly fetch manifest registry-url@3.1.0
184 silly packumentCache full:https://registry.npmjs.org/registry-url cache-miss
185 http fetch GET 200 https://registry.npmjs.org/mime-types 123ms (cache miss)
186 silly packumentCache full:https://registry.npmjs.org/mime-types set size:undefined disposed:false
187 http fetch GET 200 https://registry.npmjs.org/range-parser 130ms (cache miss)
188 silly packumentCache full:https://registry.npmjs.org/range-parser set size:undefined disposed:false
189 http fetch GET 200 https://registry.npmjs.org/path-is-inside 120ms (cache miss)
190 silly packumentCache full:https://registry.npmjs.org/path-is-inside set size:undefined disposed:false
191 http fetch GET 200 https://registry.npmjs.org/content-disposition 104ms (cache miss)
192 silly packumentCache full:https://registry.npmjs.org/content-disposition set size:undefined disposed:false
193 http fetch GET 200 https://registry.npmjs.org/path-to-regexp 116ms (cache miss)
194 silly packumentCache full:https://registry.npmjs.org/path-to-regexp set size:undefined disposed:false
195 http fetch GET 200 https://registry.npmjs.org/registry-auth-token 119ms (cache miss)
196 silly packumentCache full:https://registry.npmjs.org/registry-auth-token set size:undefined disposed:false
197 http fetch GET 200 https://registry.npmjs.org/registry-url 83ms (cache miss)
198 silly packumentCache full:https://registry.npmjs.org/registry-url set size:undefined disposed:false
199 silly placeDep node_modules/serve fast-deep-equal@3.1.3 OK for: ajv@8.12.0 want: ^3.1.1
200 silly placeDep node_modules/serve json-schema-traverse@1.0.0 OK for: ajv@8.12.0 want: ^1.0.0
201 silly placeDep node_modules/serve require-from-string@2.0.2 OK for: ajv@8.12.0 want: ^2.0.2
202 silly placeDep node_modules/serve uri-js@4.4.1 OK for: ajv@8.12.0 want: ^4.2.2
203 silly fetch manifest punycode@^2.1.0
204 silly packumentCache full:https://registry.npmjs.org/punycode cache-miss
205 http fetch GET 200 https://registry.npmjs.org/punycode 100ms (cache miss)
206 silly packumentCache full:https://registry.npmjs.org/punycode set size:undefined disposed:false
207 silly placeDep node_modules/serve ansi-align@3.0.1 OK for: boxen@7.0.0 want: ^3.0.1
208 silly placeDep node_modules/serve camelcase@7.0.1 OK for: boxen@7.0.0 want: ^7.0.0
209 silly placeDep node_modules/serve cli-boxes@3.0.0 OK for: boxen@7.0.0 want: ^3.0.0
210 silly placeDep node_modules/serve string-width@5.1.2 OK for: boxen@7.0.0 want: ^5.1.2
211 silly placeDep node_modules/serve type-fest@2.19.0 OK for: boxen@7.0.0 want: ^2.13.0
212 silly placeDep node_modules/serve widest-line@4.0.1 OK for: boxen@7.0.0 want: ^4.0.1
213 silly placeDep node_modules/serve wrap-ansi@8.1.0 OK for: boxen@7.0.0 want: ^8.0.1
214 silly fetch manifest string-width@^4.1.0
215 silly packumentCache full:https://registry.npmjs.org/string-width cache-miss
216 silly fetch manifest strip-ansi@^7.0.1
217 silly packumentCache full:https://registry.npmjs.org/strip-ansi cache-miss
218 silly fetch manifest emoji-regex@^9.2.2
219 silly packumentCache full:https://registry.npmjs.org/emoji-regex cache-miss
220 silly fetch manifest eastasianwidth@^0.2.0
221 silly packumentCache full:https://registry.npmjs.org/eastasianwidth cache-miss
222 silly fetch manifest strip-ansi@^7.0.1
223 silly packumentCache full:https://registry.npmjs.org/strip-ansi cache-miss
224 silly fetch manifest ansi-styles@^6.1.0
225 silly packumentCache full:https://registry.npmjs.org/ansi-styles cache-miss
226 http cache https://registry.npmjs.org/string-width 27ms (cache hit)
227 silly packumentCache full:https://registry.npmjs.org/string-width set size:66232 disposed:false
228 http fetch GET 200 https://registry.npmjs.org/emoji-regex 80ms (cache miss)
229 silly packumentCache full:https://registry.npmjs.org/emoji-regex set size:undefined disposed:false
230 http fetch GET 200 https://registry.npmjs.org/eastasianwidth 101ms (cache miss)
231 silly packumentCache full:https://registry.npmjs.org/eastasianwidth set size:undefined disposed:false
232 http fetch GET 200 https://registry.npmjs.org/strip-ansi 108ms (cache miss)
233 silly packumentCache full:https://registry.npmjs.org/strip-ansi set size:undefined disposed:false
234 http fetch GET 200 https://registry.npmjs.org/strip-ansi 115ms (cache miss)
235 silly packumentCache full:https://registry.npmjs.org/strip-ansi set size:undefined disposed:false
236 http fetch GET 200 https://registry.npmjs.org/ansi-styles 222ms (cache miss)
237 silly packumentCache full:https://registry.npmjs.org/ansi-styles set size:undefined disposed:false
238 silly placeDep node_modules/serve/node_modules/ansi-align string-width@4.2.3 OK for: ansi-align@3.0.1 want: ^4.1.0
239 silly fetch manifest strip-ansi@^6.0.1
240 silly packumentCache full:https://registry.npmjs.org/strip-ansi cache-miss
241 silly fetch manifest emoji-regex@^8.0.0
242 silly packumentCache full:https://registry.npmjs.org/emoji-regex cache-miss
243 silly fetch manifest is-fullwidth-code-point@^3.0.0
244 silly packumentCache full:https://registry.npmjs.org/is-fullwidth-code-point cache-miss
245 http cache https://registry.npmjs.org/strip-ansi 16ms (cache hit)
246 silly packumentCache full:https://registry.npmjs.org/strip-ansi set size:41855 disposed:false
247 http cache https://registry.npmjs.org/emoji-regex 18ms (cache hit)
248 silly packumentCache full:https://registry.npmjs.org/emoji-regex set size:89088 disposed:false
249 http fetch GET 200 https://registry.npmjs.org/is-fullwidth-code-point 85ms (cache miss)
250 silly packumentCache full:https://registry.npmjs.org/is-fullwidth-code-point set size:undefined disposed:false
251 silly placeDep node_modules/serve/node_modules/chalk-template chalk@4.1.2 OK for: chalk-template@0.4.0 want: ^4.1.2
252 silly fetch manifest ansi-styles@^4.1.0
253 silly packumentCache full:https://registry.npmjs.org/ansi-styles cache-miss
254 silly fetch manifest supports-color@^7.1.0
255 silly packumentCache full:https://registry.npmjs.org/supports-color cache-miss
256 http cache https://registry.npmjs.org/ansi-styles 20ms (cache hit)
257 silly packumentCache full:https://registry.npmjs.org/ansi-styles set size:63233 disposed:false
258 http fetch GET 200 https://registry.npmjs.org/supports-color 93ms (cache miss)
259 silly packumentCache full:https://registry.npmjs.org/supports-color set size:undefined disposed:false
260 silly placeDep node_modules/serve arch@2.2.0 OK for: clipboardy@3.0.0 want: ^2.2.0
261 silly placeDep node_modules/serve execa@5.1.1 OK for: clipboardy@3.0.0 want: ^5.1.1
262 silly placeDep node_modules/serve is-wsl@2.2.0 OK for: clipboardy@3.0.0 want: ^2.2.0
263 silly fetch manifest onetime@^5.1.2
264 silly packumentCache full:https://registry.npmjs.org/onetime cache-miss
265 silly fetch manifest is-stream@^2.0.0
266 silly packumentCache full:https://registry.npmjs.org/is-stream cache-miss
267 silly fetch manifest get-stream@^6.0.0
268 silly packumentCache full:https://registry.npmjs.org/get-stream cache-miss
269 silly fetch manifest cross-spawn@^7.0.3
270 silly packumentCache full:https://registry.npmjs.org/cross-spawn cache-miss
271 silly fetch manifest signal-exit@^3.0.3
272 silly packumentCache full:https://registry.npmjs.org/signal-exit cache-miss
273 silly fetch manifest merge-stream@^2.0.0
274 silly packumentCache full:https://registry.npmjs.org/merge-stream cache-miss
275 silly fetch manifest npm-run-path@^4.0.1
276 silly packumentCache full:https://registry.npmjs.org/npm-run-path cache-miss
277 http fetch GET 200 https://registry.npmjs.org/merge-stream 122ms (cache miss)
278 silly packumentCache full:https://registry.npmjs.org/merge-stream set size:undefined disposed:false
279 silly fetch manifest human-signals@^2.1.0
280 silly packumentCache full:https://registry.npmjs.org/human-signals cache-miss
281 http fetch GET 200 https://registry.npmjs.org/cross-spawn 140ms (cache miss)
282 silly packumentCache full:https://registry.npmjs.org/cross-spawn set size:undefined disposed:false
283 silly fetch manifest strip-final-newline@^2.0.0
284 silly packumentCache full:https://registry.npmjs.org/strip-final-newline cache-miss
285 http fetch GET 200 https://registry.npmjs.org/is-stream 148ms (cache miss)
286 silly packumentCache full:https://registry.npmjs.org/is-stream set size:undefined disposed:false
287 silly fetch manifest is-docker@^2.0.0
288 silly packumentCache full:https://registry.npmjs.org/is-docker cache-miss
289 http fetch GET 200 https://registry.npmjs.org/onetime 153ms (cache miss)
290 silly packumentCache full:https://registry.npmjs.org/onetime set size:undefined disposed:false
291 http fetch GET 200 https://registry.npmjs.org/get-stream 161ms (cache miss)
292 silly packumentCache full:https://registry.npmjs.org/get-stream set size:undefined disposed:false
293 http fetch GET 200 https://registry.npmjs.org/npm-run-path 160ms (cache miss)
294 silly packumentCache full:https://registry.npmjs.org/npm-run-path set size:undefined disposed:false
295 http fetch GET 200 https://registry.npmjs.org/signal-exit 171ms (cache miss)
296 silly packumentCache full:https://registry.npmjs.org/signal-exit set size:undefined disposed:false
297 http fetch GET 200 https://registry.npmjs.org/human-signals 100ms (cache miss)
298 silly packumentCache full:https://registry.npmjs.org/human-signals set size:undefined disposed:false
299 http fetch GET 200 https://registry.npmjs.org/strip-final-newline 108ms (cache miss)
300 silly packumentCache full:https://registry.npmjs.org/strip-final-newline set size:undefined disposed:false
301 http fetch GET 200 https://registry.npmjs.org/is-docker 106ms (cache miss)
302 silly packumentCache full:https://registry.npmjs.org/is-docker set size:undefined disposed:false
303 silly placeDep node_modules/serve bytes@3.1.2 OK for: compression@1.8.1 want: 3.1.2
304 silly placeDep node_modules/serve compressible@2.0.18 OK for: compression@1.8.1 want: ~2.0.18
305 silly placeDep node_modules/serve debug@2.6.9 OK for: compression@1.8.1 want: 2.6.9
306 silly placeDep node_modules/serve negotiator@0.6.4 OK for: compression@1.8.1 want: ~0.6.4
307 silly placeDep node_modules/serve on-headers@1.1.0 OK for: compression@1.8.1 want: ~1.1.0
308 silly placeDep node_modules/serve safe-buffer@5.2.1 OK for: compression@1.8.1 want: 5.2.1
309 silly placeDep node_modules/serve vary@1.1.2 OK for: compression@1.8.1 want: ~1.1.2
310 silly fetch manifest mime-db@>= 1.43.0 < 2
311 silly packumentCache full:https://registry.npmjs.org/mime-db cache-miss
312 silly fetch manifest ms@2.0.0
313 silly packumentCache full:https://registry.npmjs.org/ms cache-miss
314 http fetch GET 200 https://registry.npmjs.org/ms 96ms (cache miss)
315 silly packumentCache full:https://registry.npmjs.org/ms set size:undefined disposed:false
316 http fetch GET 200 https://registry.npmjs.org/mime-db 114ms (cache miss)
317 silly packumentCache full:https://registry.npmjs.org/mime-db set size:undefined disposed:false
318 silly placeDep node_modules/serve mime-db@1.54.0 OK for: compressible@2.0.18 want: >= 1.43.0 < 2
319 silly placeDep node_modules/serve ms@2.0.0 OK for: debug@2.6.9 want: 2.0.0
320 silly placeDep node_modules/serve cross-spawn@7.0.6 OK for: execa@5.1.1 want: ^7.0.3
321 silly placeDep node_modules/serve get-stream@6.0.1 OK for: execa@5.1.1 want: ^6.0.0
322 silly placeDep node_modules/serve human-signals@2.1.0 OK for: execa@5.1.1 want: ^2.1.0
323 silly placeDep node_modules/serve is-stream@2.0.1 OK for: execa@5.1.1 want: ^2.0.0
324 silly placeDep node_modules/serve merge-stream@2.0.0 OK for: execa@5.1.1 want: ^2.0.0
325 silly placeDep node_modules/serve npm-run-path@4.0.1 OK for: execa@5.1.1 want: ^4.0.1
326 silly placeDep node_modules/serve onetime@5.1.2 OK for: execa@5.1.1 want: ^5.1.2
327 silly placeDep node_modules/serve signal-exit@3.0.7 OK for: execa@5.1.1 want: ^3.0.3
328 silly placeDep node_modules/serve strip-final-newline@2.0.0 OK for: execa@5.1.1 want: ^2.0.0
329 silly fetch manifest which@^2.0.1
330 silly packumentCache full:https://registry.npmjs.org/which cache-miss
331 silly fetch manifest path-key@^3.1.0
332 silly packumentCache full:https://registry.npmjs.org/path-key cache-miss
333 silly fetch manifest shebang-command@^2.0.0
334 silly packumentCache full:https://registry.npmjs.org/shebang-command cache-miss
335 silly fetch manifest path-key@^3.0.0
336 silly packumentCache full:https://registry.npmjs.org/path-key cache-miss
337 silly fetch manifest mimic-fn@^2.1.0
338 silly packumentCache full:https://registry.npmjs.org/mimic-fn cache-miss
339 http fetch GET 200 https://registry.npmjs.org/shebang-command 99ms (cache miss)
340 silly packumentCache full:https://registry.npmjs.org/shebang-command set size:undefined disposed:false
341 http fetch GET 200 https://registry.npmjs.org/mimic-fn 99ms (cache miss)
342 silly packumentCache full:https://registry.npmjs.org/mimic-fn set size:undefined disposed:false
343 http fetch GET 200 https://registry.npmjs.org/which 115ms (cache miss)
344 silly packumentCache full:https://registry.npmjs.org/which set size:undefined disposed:false
345 http fetch GET 200 https://registry.npmjs.org/path-key 126ms (cache miss)
346 silly packumentCache full:https://registry.npmjs.org/path-key set size:undefined disposed:false
347 http fetch GET 200 https://registry.npmjs.org/path-key 131ms (cache miss)
348 silly packumentCache full:https://registry.npmjs.org/path-key set size:undefined disposed:false
349 silly placeDep node_modules/serve path-key@3.1.1 OK for: cross-spawn@7.0.6 want: ^3.1.0
350 silly placeDep node_modules/serve shebang-command@2.0.0 OK for: cross-spawn@7.0.6 want: ^2.0.0
351 silly placeDep node_modules/serve which@2.0.2 OK for: cross-spawn@7.0.6 want: ^2.0.1
352 silly fetch manifest shebang-regex@^3.0.0
353 silly packumentCache full:https://registry.npmjs.org/shebang-regex cache-miss
354 silly fetch manifest isexe@^2.0.0
355 silly packumentCache full:https://registry.npmjs.org/isexe cache-miss
356 http fetch GET 200 https://registry.npmjs.org/shebang-regex 83ms (cache miss)
357 silly packumentCache full:https://registry.npmjs.org/shebang-regex set size:undefined disposed:false
358 http fetch GET 200 https://registry.npmjs.org/isexe 94ms (cache miss)
359 silly packumentCache full:https://registry.npmjs.org/isexe set size:undefined disposed:false
360 silly placeDep node_modules/serve is-docker@2.2.1 OK for: is-wsl@2.2.0 want: ^2.0.0
361 silly placeDep node_modules/serve mimic-fn@2.1.0 OK for: onetime@5.1.2 want: ^2.1.0
362 silly placeDep node_modules/serve/node_modules/serve-handler bytes@3.0.0 OK for: serve-handler@6.1.6 want: 3.0.0
363 silly placeDep node_modules/serve content-disposition@0.5.2 OK for: serve-handler@6.1.6 want: 0.5.2
364 silly placeDep node_modules/serve mime-types@2.1.18 OK for: serve-handler@6.1.6 want: 2.1.18
365 silly placeDep node_modules/serve minimatch@3.1.2 OK for: serve-handler@6.1.6 want: 3.1.2
366 silly placeDep node_modules/serve path-is-inside@1.0.2 OK for: serve-handler@6.1.6 want: 1.0.2
367 silly placeDep node_modules/serve path-to-regexp@3.3.0 OK for: serve-handler@6.1.6 want: 3.3.0
368 silly placeDep node_modules/serve range-parser@1.2.0 OK for: serve-handler@6.1.6 want: 1.2.0
369 silly fetch manifest mime-db@~1.33.0
370 silly packumentCache full:https://registry.npmjs.org/mime-db cache-miss
371 silly fetch manifest brace-expansion@^1.1.7
372 silly packumentCache full:https://registry.npmjs.org/brace-expansion cache-miss
373 http cache https://registry.npmjs.org/mime-db 17ms (cache hit)
374 silly packumentCache full:https://registry.npmjs.org/mime-db set size:164953 disposed:false
375 http fetch GET 200 https://registry.npmjs.org/brace-expansion 88ms (cache miss)
376 silly packumentCache full:https://registry.npmjs.org/brace-expansion set size:undefined disposed:false
377 silly placeDep node_modules/serve/node_modules/mime-types mime-db@1.33.0 OK for: mime-types@2.1.18 want: ~1.33.0
378 silly placeDep node_modules/serve brace-expansion@1.1.12 OK for: minimatch@3.1.2 want: ^1.1.7
379 silly fetch manifest balanced-match@^1.0.0
380 silly packumentCache full:https://registry.npmjs.org/balanced-match cache-miss
381 silly fetch manifest concat-map@0.0.1
382 silly packumentCache full:https://registry.npmjs.org/concat-map cache-miss
383 http fetch GET 200 https://registry.npmjs.org/concat-map 115ms (cache miss)
384 silly packumentCache full:https://registry.npmjs.org/concat-map set size:undefined disposed:false
385 http fetch GET 200 https://registry.npmjs.org/balanced-match 127ms (cache miss)
386 silly packumentCache full:https://registry.npmjs.org/balanced-match set size:undefined disposed:false
387 silly placeDep node_modules/serve balanced-match@1.0.2 OK for: brace-expansion@1.1.12 want: ^1.0.0
388 silly placeDep node_modules/serve concat-map@0.0.1 OK for: brace-expansion@1.1.12 want: 0.0.1
389 silly placeDep node_modules/serve shebang-regex@3.0.0 OK for: shebang-command@2.0.0 want: ^3.0.0
390 silly placeDep node_modules/serve eastasianwidth@0.2.0 OK for: string-width@5.1.2 want: ^0.2.0
391 silly placeDep node_modules/serve emoji-regex@9.2.2 OK for: string-width@5.1.2 want: ^9.2.2
392 silly placeDep node_modules/serve strip-ansi@7.1.2 OK for: string-width@5.1.2 want: ^7.0.1
393 silly fetch manifest ansi-regex@^6.0.1
394 silly packumentCache full:https://registry.npmjs.org/ansi-regex cache-miss
395 http fetch GET 200 https://registry.npmjs.org/ansi-regex 99ms (cache miss)
396 silly packumentCache full:https://registry.npmjs.org/ansi-regex set size:undefined disposed:false
397 silly placeDep node_modules/serve ansi-regex@6.2.2 OK for: strip-ansi@7.1.2 want: ^6.0.1
398 silly placeDep node_modules/serve registry-auth-token@3.3.2 OK for: update-check@1.5.4 want: 3.3.2
399 silly placeDep node_modules/serve registry-url@3.1.0 OK for: update-check@1.5.4 want: 3.1.0
400 silly fetch manifest rc@^1.1.6
401 silly packumentCache full:https://registry.npmjs.org/rc cache-miss
402 silly fetch manifest rc@^1.0.1
403 silly packumentCache full:https://registry.npmjs.org/rc cache-miss
404 http fetch GET 200 https://registry.npmjs.org/rc 90ms (cache miss)
405 silly packumentCache full:https://registry.npmjs.org/rc set size:undefined disposed:false
406 http fetch GET 200 https://registry.npmjs.org/rc 93ms (cache miss)
407 silly packumentCache full:https://registry.npmjs.org/rc set size:undefined disposed:false
408 silly placeDep node_modules/serve rc@1.2.8 OK for: registry-auth-token@3.3.2 want: ^1.1.6
409 silly fetch manifest ini@~1.3.0
410 silly packumentCache full:https://registry.npmjs.org/ini cache-miss
411 silly fetch manifest minimist@^1.2.0
412 silly packumentCache full:https://registry.npmjs.org/minimist cache-miss
413 silly fetch manifest deep-extend@^0.6.0
414 silly packumentCache full:https://registry.npmjs.org/deep-extend cache-miss
415 silly fetch manifest strip-json-comments@~2.0.1
416 silly packumentCache full:https://registry.npmjs.org/strip-json-comments cache-miss
417 http fetch GET 200 https://registry.npmjs.org/strip-json-comments 95ms (cache miss)
418 silly packumentCache full:https://registry.npmjs.org/strip-json-comments set size:undefined disposed:false
419 http fetch GET 200 https://registry.npmjs.org/minimist 106ms (cache miss)
420 silly packumentCache full:https://registry.npmjs.org/minimist set size:undefined disposed:false
421 http fetch GET 200 https://registry.npmjs.org/deep-extend 109ms (cache miss)
422 silly packumentCache full:https://registry.npmjs.org/deep-extend set size:undefined disposed:false
423 http fetch GET 200 https://registry.npmjs.org/ini 116ms (cache miss)
424 silly packumentCache full:https://registry.npmjs.org/ini set size:undefined disposed:false
425 silly placeDep node_modules/serve deep-extend@0.6.0 OK for: rc@1.2.8 want: ^0.6.0
426 silly placeDep node_modules/serve ini@1.3.8 OK for: rc@1.2.8 want: ~1.3.0
427 silly placeDep node_modules/serve minimist@1.2.8 OK for: rc@1.2.8 want: ^1.2.0
428 silly placeDep node_modules/serve strip-json-comments@2.0.1 OK for: rc@1.2.8 want: ~2.0.1
429 silly placeDep node_modules/serve punycode@2.3.1 OK for: uri-js@4.4.1 want: ^2.1.0
430 silly placeDep node_modules/serve isexe@2.0.0 OK for: which@2.0.2 want: ^2.0.0
431 silly placeDep node_modules/serve ansi-styles@6.2.3 OK for: wrap-ansi@8.1.0 want: ^6.1.0
432 silly placeDep node_modules/serve/node_modules/ansi-align emoji-regex@8.0.0 OK for: string-width@4.2.3 want: ^8.0.0
433 silly placeDep node_modules/serve is-fullwidth-code-point@3.0.0 OK for: string-width@4.2.3 want: ^3.0.0
434 silly placeDep node_modules/serve/node_modules/ansi-align strip-ansi@6.0.1 OK for: string-width@4.2.3 want: ^6.0.1
435 silly fetch manifest ansi-regex@^5.0.1
436 silly packumentCache full:https://registry.npmjs.org/ansi-regex cache-miss
437 http cache https://registry.npmjs.org/ansi-regex 11ms (cache hit)
438 silly packumentCache full:https://registry.npmjs.org/ansi-regex set size:43572 disposed:false
439 silly placeDep node_modules/serve/node_modules/ansi-align ansi-regex@5.0.1 OK for: strip-ansi@6.0.1 want: ^5.0.1
440 silly placeDep node_modules/serve/node_modules/chalk-template ansi-styles@4.3.0 OK for: chalk@4.1.2 want: ^4.1.0
441 silly placeDep node_modules/serve supports-color@7.2.0 OK for: chalk@4.1.2 want: ^7.1.0
442 silly fetch manifest color-convert@^2.0.1
443 silly packumentCache full:https://registry.npmjs.org/color-convert cache-miss
444 silly fetch manifest has-flag@^4.0.0
445 silly packumentCache full:https://registry.npmjs.org/has-flag cache-miss
446 http fetch GET 200 https://registry.npmjs.org/has-flag 114ms (cache miss)
447 silly packumentCache full:https://registry.npmjs.org/has-flag set size:undefined disposed:false
448 http fetch GET 200 https://registry.npmjs.org/color-convert 133ms (cache miss)
449 silly packumentCache full:https://registry.npmjs.org/color-convert set size:undefined disposed:false
450 silly placeDep node_modules/serve has-flag@4.0.0 OK for: supports-color@7.2.0 want: ^4.0.0
451 silly placeDep node_modules/serve color-convert@2.0.1 OK for: ansi-styles@4.3.0 want: ^2.0.1
452 silly fetch manifest color-name@~1.1.4
453 silly packumentCache full:https://registry.npmjs.org/color-name cache-miss
454 http fetch GET 200 https://registry.npmjs.org/color-name 72ms (cache miss)
455 silly packumentCache full:https://registry.npmjs.org/color-name set size:undefined disposed:false
456 silly placeDep node_modules/serve color-name@1.1.4 OK for: color-convert@2.0.1 want: ~1.1.4
457 silly reify moves {}
458 http cache serve@https://registry.npmjs.org/serve/-/serve-14.2.5.tgz 0ms (cache hit)
459 http cache color-name@https://registry.npmjs.org/color-name/-/color-name-1.1.4.tgz 1ms (cache hit)
460 http cache color-convert@https://registry.npmjs.org/color-convert/-/color-convert-2.0.1.tgz 0ms (cache hit)
461 http cache is-fullwidth-code-point@https://registry.npmjs.org/is-fullwidth-code-point/-/is-fullwidth-code-point-3.0.0.tgz 0ms (cache hit)
462 http cache ansi-styles@https://registry.npmjs.org/ansi-styles/-/ansi-styles-6.2.3.tgz 0ms (cache hit)
463 http cache supports-color@https://registry.npmjs.org/supports-color/-/supports-color-7.2.0.tgz 0ms (cache hit)
464 http cache has-flag@https://registry.npmjs.org/has-flag/-/has-flag-4.0.0.tgz 0ms (cache hit)
465 http cache isexe@https://registry.npmjs.org/isexe/-/isexe-2.0.0.tgz 0ms (cache hit)
466 http cache minimist@https://registry.npmjs.org/minimist/-/minimist-1.2.8.tgz 0ms (cache hit)
467 http cache punycode@https://registry.npmjs.org/punycode/-/punycode-2.3.1.tgz 0ms (cache hit)
468 http cache deep-extend@https://registry.npmjs.org/deep-extend/-/deep-extend-0.6.0.tgz 0ms (cache hit)
469 http cache ini@https://registry.npmjs.org/ini/-/ini-1.3.8.tgz 0ms (cache hit)
470 http cache strip-json-comments@https://registry.npmjs.org/strip-json-comments/-/strip-json-comments-2.0.1.tgz 0ms (cache hit)
471 http cache rc@https://registry.npmjs.org/rc/-/rc-1.2.8.tgz 0ms (cache hit)
472 http cache registry-auth-token@https://registry.npmjs.org/registry-auth-token/-/registry-auth-token-3.3.2.tgz 0ms (cache hit)
473 http cache registry-url@https://registry.npmjs.org/registry-url/-/registry-url-3.1.0.tgz 0ms (cache hit)
474 http cache ansi-regex@https://registry.npmjs.org/ansi-regex/-/ansi-regex-6.2.2.tgz 0ms (cache hit)
475 http cache emoji-regex@https://registry.npmjs.org/emoji-regex/-/emoji-regex-9.2.2.tgz 0ms (cache hit)
476 http cache strip-ansi@https://registry.npmjs.org/strip-ansi/-/strip-ansi-7.1.2.tgz 0ms (cache hit)
477 http cache eastasianwidth@https://registry.npmjs.org/eastasianwidth/-/eastasianwidth-0.2.0.tgz 0ms (cache hit)
478 http cache shebang-regex@https://registry.npmjs.org/shebang-regex/-/shebang-regex-3.0.0.tgz 0ms (cache hit)
479 http cache concat-map@https://registry.npmjs.org/concat-map/-/concat-map-0.0.1.tgz 0ms (cache hit)
480 http cache brace-expansion@https://registry.npmjs.org/brace-expansion/-/brace-expansion-1.1.12.tgz 0ms (cache hit)
481 http cache balanced-match@https://registry.npmjs.org/balanced-match/-/balanced-match-1.0.2.tgz 0ms (cache hit)
482 http cache path-to-regexp@https://registry.npmjs.org/path-to-regexp/-/path-to-regexp-3.3.0.tgz 0ms (cache hit)
483 http cache range-parser@https://registry.npmjs.org/range-parser/-/range-parser-1.2.0.tgz 0ms (cache hit)
484 http cache mime-db@https://registry.npmjs.org/mime-db/-/mime-db-1.33.0.tgz 0ms (cache hit)
485 http cache path-is-inside@https://registry.npmjs.org/path-is-inside/-/path-is-inside-1.0.2.tgz 0ms (cache hit)
486 http cache minimatch@https://registry.npmjs.org/minimatch/-/minimatch-3.1.2.tgz 0ms (cache hit)
487 http cache which@https://registry.npmjs.org/which/-/which-2.0.2.tgz 0ms (cache hit)
488 http cache mime-types@https://registry.npmjs.org/mime-types/-/mime-types-2.1.18.tgz 0ms (cache hit)
489 http cache mimic-fn@https://registry.npmjs.org/mimic-fn/-/mimic-fn-2.1.0.tgz 0ms (cache hit)
490 http cache is-docker@https://registry.npmjs.org/is-docker/-/is-docker-2.2.1.tgz 0ms (cache hit)
491 http cache content-disposition@https://registry.npmjs.org/content-disposition/-/content-disposition-0.5.2.tgz 0ms (cache hit)
492 http cache path-key@https://registry.npmjs.org/path-key/-/path-key-3.1.1.tgz 0ms (cache hit)
493 http cache shebang-command@https://registry.npmjs.org/shebang-command/-/shebang-command-2.0.0.tgz 0ms (cache hit)
494 http cache signal-exit@https://registry.npmjs.org/signal-exit/-/signal-exit-3.0.7.tgz 0ms (cache hit)
495 http cache strip-final-newline@https://registry.npmjs.org/strip-final-newline/-/strip-final-newline-2.0.0.tgz 0ms (cache hit)
496 http cache merge-stream@https://registry.npmjs.org/merge-stream/-/merge-stream-2.0.0.tgz 0ms (cache hit)
497 http cache is-stream@https://registry.npmjs.org/is-stream/-/is-stream-2.0.1.tgz 0ms (cache hit)
498 http cache npm-run-path@https://registry.npmjs.org/npm-run-path/-/npm-run-path-4.0.1.tgz 0ms (cache hit)
499 http cache get-stream@https://registry.npmjs.org/get-stream/-/get-stream-6.0.1.tgz 0ms (cache hit)
500 http cache human-signals@https://registry.npmjs.org/human-signals/-/human-signals-2.1.0.tgz 0ms (cache hit)
501 http cache cross-spawn@https://registry.npmjs.org/cross-spawn/-/cross-spawn-7.0.6.tgz 0ms (cache hit)
502 http cache onetime@https://registry.npmjs.org/onetime/-/onetime-5.1.2.tgz 0ms (cache hit)
503 http cache mime-db@https://registry.npmjs.org/mime-db/-/mime-db-1.54.0.tgz 0ms (cache hit)
504 http cache vary@https://registry.npmjs.org/vary/-/vary-1.1.2.tgz 0ms (cache hit)
505 http cache ms@https://registry.npmjs.org/ms/-/ms-2.0.0.tgz 0ms (cache hit)
506 http cache on-headers@https://registry.npmjs.org/on-headers/-/on-headers-1.1.0.tgz 0ms (cache hit)
507 http cache debug@https://registry.npmjs.org/debug/-/debug-2.6.9.tgz 0ms (cache hit)
508 http cache negotiator@https://registry.npmjs.org/negotiator/-/negotiator-0.6.4.tgz 0ms (cache hit)
509 http cache is-wsl@https://registry.npmjs.org/is-wsl/-/is-wsl-2.2.0.tgz 0ms (cache hit)
510 http cache safe-buffer@https://registry.npmjs.org/safe-buffer/-/safe-buffer-5.2.1.tgz 0ms (cache hit)
511 http cache wrap-ansi@https://registry.npmjs.org/wrap-ansi/-/wrap-ansi-8.1.0.tgz 0ms (cache hit)
512 http cache compressible@https://registry.npmjs.org/compressible/-/compressible-2.0.18.tgz 0ms (cache hit)
513 http cache execa@https://registry.npmjs.org/execa/-/execa-5.1.1.tgz 0ms (cache hit)
514 http cache arch@https://registry.npmjs.org/arch/-/arch-2.2.0.tgz 0ms (cache hit)
515 http cache widest-line@https://registry.npmjs.org/widest-line/-/widest-line-4.0.1.tgz 0ms (cache hit)
516 http cache string-width@https://registry.npmjs.org/string-width/-/string-width-5.1.2.tgz 0ms (cache hit)
517 http cache type-fest@https://registry.npmjs.org/type-fest/-/type-fest-2.19.0.tgz 0ms (cache hit)
518 http cache cli-boxes@https://registry.npmjs.org/cli-boxes/-/cli-boxes-3.0.0.tgz 0ms (cache hit)
519 http cache ansi-regex@https://registry.npmjs.org/ansi-regex/-/ansi-regex-5.0.1.tgz 0ms (cache hit)
520 http cache ansi-align@https://registry.npmjs.org/ansi-align/-/ansi-align-3.0.1.tgz 0ms (cache hit)
521 http cache strip-ansi@https://registry.npmjs.org/strip-ansi/-/strip-ansi-6.0.1.tgz 0ms (cache hit)
522 http cache camelcase@https://registry.npmjs.org/camelcase/-/camelcase-7.0.1.tgz 0ms (cache hit)
523 http cache uri-js@https://registry.npmjs.org/uri-js/-/uri-js-4.4.1.tgz 0ms (cache hit)
524 http cache emoji-regex@https://registry.npmjs.org/emoji-regex/-/emoji-regex-8.0.0.tgz 0ms (cache hit)
525 http cache string-width@https://registry.npmjs.org/string-width/-/string-width-4.2.3.tgz 0ms (cache hit)
526 http cache require-from-string@https://registry.npmjs.org/require-from-string/-/require-from-string-2.0.2.tgz 0ms (cache hit)
527 http cache json-schema-traverse@https://registry.npmjs.org/json-schema-traverse/-/json-schema-traverse-1.0.0.tgz 0ms (cache hit)
528 http cache fast-deep-equal@https://registry.npmjs.org/fast-deep-equal/-/fast-deep-equal-3.1.3.tgz 0ms (cache hit)
529 http cache bytes@https://registry.npmjs.org/bytes/-/bytes-3.0.0.tgz 0ms (cache hit)
530 http cache update-check@https://registry.npmjs.org/update-check/-/update-check-1.5.4.tgz 0ms (cache hit)
531 http cache compression@https://registry.npmjs.org/compression/-/compression-1.8.1.tgz 0ms (cache hit)
532 http cache bytes@https://registry.npmjs.org/bytes/-/bytes-3.1.2.tgz 0ms (cache hit)
533 http cache is-port-reachable@https://registry.npmjs.org/is-port-reachable/-/is-port-reachable-4.0.0.tgz 0ms (cache hit)
534 http cache chalk@https://registry.npmjs.org/chalk/-/chalk-4.1.2.tgz 0ms (cache hit)
535 http cache chalk-template@https://registry.npmjs.org/chalk-template/-/chalk-template-0.4.0.tgz 0ms (cache hit)
536 http cache ansi-styles@https://registry.npmjs.org/ansi-styles/-/ansi-styles-4.3.0.tgz 0ms (cache hit)
537 http cache clipboardy@https://registry.npmjs.org/clipboardy/-/clipboardy-3.0.0.tgz 0ms (cache hit)
538 http cache serve-handler@https://registry.npmjs.org/serve-handler/-/serve-handler-6.1.6.tgz 0ms (cache hit)
539 http cache boxen@https://registry.npmjs.org/boxen/-/boxen-7.0.0.tgz 0ms (cache hit)
540 http cache chalk@https://registry.npmjs.org/chalk/-/chalk-5.0.1.tgz 0ms (cache hit)
541 silly tarball no local data for serve@https://registry.npmjs.org/serve/-/serve-14.2.5.tgz. Extracting by manifest.
542 silly tarball no local data for color-name@https://registry.npmjs.org/color-name/-/color-name-1.1.4.tgz. Extracting by manifest.
543 http cache arg@https://registry.npmjs.org/arg/-/arg-5.0.2.tgz 0ms (cache hit)
544 silly tarball no local data for color-convert@https://registry.npmjs.org/color-convert/-/color-convert-2.0.1.tgz. Extracting by manifest.
545 http cache ajv@https://registry.npmjs.org/ajv/-/ajv-8.12.0.tgz 0ms (cache hit)
546 http cache @zeit/schemas@https://registry.npmjs.org/@zeit/schemas/-/schemas-2.36.0.tgz 0ms (cache hit)
547 silly tarball no local data for is-fullwidth-code-point@https://registry.npmjs.org/is-fullwidth-code-point/-/is-fullwidth-code-point-3.0.0.tgz. Extracting by manifest.
548 silly tarball no local data for ansi-styles@https://registry.npmjs.org/ansi-styles/-/ansi-styles-6.2.3.tgz. Extracting by manifest.
549 silly tarball no local data for supports-color@https://registry.npmjs.org/supports-color/-/supports-color-7.2.0.tgz. Extracting by manifest.
550 silly tarball no local data for has-flag@https://registry.npmjs.org/has-flag/-/has-flag-4.0.0.tgz. Extracting by manifest.
551 silly tarball no local data for isexe@https://registry.npmjs.org/isexe/-/isexe-2.0.0.tgz. Extracting by manifest.
552 silly tarball no local data for minimist@https://registry.npmjs.org/minimist/-/minimist-1.2.8.tgz. Extracting by manifest.
553 silly tarball no local data for punycode@https://registry.npmjs.org/punycode/-/punycode-2.3.1.tgz. Extracting by manifest.
554 silly tarball no local data for deep-extend@https://registry.npmjs.org/deep-extend/-/deep-extend-0.6.0.tgz. Extracting by manifest.
555 silly tarball no local data for ini@https://registry.npmjs.org/ini/-/ini-1.3.8.tgz. Extracting by manifest.
556 silly tarball no local data for strip-json-comments@https://registry.npmjs.org/strip-json-comments/-/strip-json-comments-2.0.1.tgz. Extracting by manifest.
557 silly tarball no local data for rc@https://registry.npmjs.org/rc/-/rc-1.2.8.tgz. Extracting by manifest.
558 silly tarball no local data for registry-auth-token@https://registry.npmjs.org/registry-auth-token/-/registry-auth-token-3.3.2.tgz. Extracting by manifest.
559 silly tarball no local data for registry-url@https://registry.npmjs.org/registry-url/-/registry-url-3.1.0.tgz. Extracting by manifest.
560 silly tarball no local data for ansi-regex@https://registry.npmjs.org/ansi-regex/-/ansi-regex-6.2.2.tgz. Extracting by manifest.
561 silly tarball no local data for emoji-regex@https://registry.npmjs.org/emoji-regex/-/emoji-regex-9.2.2.tgz. Extracting by manifest.
562 silly tarball no local data for strip-ansi@https://registry.npmjs.org/strip-ansi/-/strip-ansi-7.1.2.tgz. Extracting by manifest.
563 silly tarball no local data for eastasianwidth@https://registry.npmjs.org/eastasianwidth/-/eastasianwidth-0.2.0.tgz. Extracting by manifest.
564 silly tarball no local data for shebang-regex@https://registry.npmjs.org/shebang-regex/-/shebang-regex-3.0.0.tgz. Extracting by manifest.
565 silly tarball no local data for concat-map@https://registry.npmjs.org/concat-map/-/concat-map-0.0.1.tgz. Extracting by manifest.
566 silly tarball no local data for brace-expansion@https://registry.npmjs.org/brace-expansion/-/brace-expansion-1.1.12.tgz. Extracting by manifest.
567 silly tarball no local data for balanced-match@https://registry.npmjs.org/balanced-match/-/balanced-match-1.0.2.tgz. Extracting by manifest.
568 silly tarball no local data for path-to-regexp@https://registry.npmjs.org/path-to-regexp/-/path-to-regexp-3.3.0.tgz. Extracting by manifest.
569 silly tarball no local data for range-parser@https://registry.npmjs.org/range-parser/-/range-parser-1.2.0.tgz. Extracting by manifest.
570 silly tarball no local data for mime-db@https://registry.npmjs.org/mime-db/-/mime-db-1.33.0.tgz. Extracting by manifest.
571 silly tarball no local data for path-is-inside@https://registry.npmjs.org/path-is-inside/-/path-is-inside-1.0.2.tgz. Extracting by manifest.
572 silly tarball no local data for minimatch@https://registry.npmjs.org/minimatch/-/minimatch-3.1.2.tgz. Extracting by manifest.
573 silly tarball no local data for which@https://registry.npmjs.org/which/-/which-2.0.2.tgz. Extracting by manifest.
574 silly tarball no local data for mime-types@https://registry.npmjs.org/mime-types/-/mime-types-2.1.18.tgz. Extracting by manifest.
575 silly tarball no local data for mimic-fn@https://registry.npmjs.org/mimic-fn/-/mimic-fn-2.1.0.tgz. Extracting by manifest.
576 silly tarball no local data for is-docker@https://registry.npmjs.org/is-docker/-/is-docker-2.2.1.tgz. Extracting by manifest.
577 silly tarball no local data for content-disposition@https://registry.npmjs.org/content-disposition/-/content-disposition-0.5.2.tgz. Extracting by manifest.
578 silly tarball no local data for path-key@https://registry.npmjs.org/path-key/-/path-key-3.1.1.tgz. Extracting by manifest.
579 silly tarball no local data for shebang-command@https://registry.npmjs.org/shebang-command/-/shebang-command-2.0.0.tgz. Extracting by manifest.
580 silly tarball no local data for signal-exit@https://registry.npmjs.org/signal-exit/-/signal-exit-3.0.7.tgz. Extracting by manifest.
581 silly tarball no local data for strip-final-newline@https://registry.npmjs.org/strip-final-newline/-/strip-final-newline-2.0.0.tgz. Extracting by manifest.
582 silly tarball no local data for merge-stream@https://registry.npmjs.org/merge-stream/-/merge-stream-2.0.0.tgz. Extracting by manifest.
583 silly tarball no local data for is-stream@https://registry.npmjs.org/is-stream/-/is-stream-2.0.1.tgz. Extracting by manifest.
584 silly tarball no local data for npm-run-path@https://registry.npmjs.org/npm-run-path/-/npm-run-path-4.0.1.tgz. Extracting by manifest.
585 silly tarball no local data for get-stream@https://registry.npmjs.org/get-stream/-/get-stream-6.0.1.tgz. Extracting by manifest.
586 silly tarball no local data for human-signals@https://registry.npmjs.org/human-signals/-/human-signals-2.1.0.tgz. Extracting by manifest.
587 silly tarball no local data for cross-spawn@https://registry.npmjs.org/cross-spawn/-/cross-spawn-7.0.6.tgz. Extracting by manifest.
588 silly tarball no local data for onetime@https://registry.npmjs.org/onetime/-/onetime-5.1.2.tgz. Extracting by manifest.
589 silly tarball no local data for mime-db@https://registry.npmjs.org/mime-db/-/mime-db-1.54.0.tgz. Extracting by manifest.
590 silly tarball no local data for vary@https://registry.npmjs.org/vary/-/vary-1.1.2.tgz. Extracting by manifest.
591 silly tarball no local data for ms@https://registry.npmjs.org/ms/-/ms-2.0.0.tgz. Extracting by manifest.
592 silly tarball no local data for on-headers@https://registry.npmjs.org/on-headers/-/on-headers-1.1.0.tgz. Extracting by manifest.
593 silly tarball no local data for debug@https://registry.npmjs.org/debug/-/debug-2.6.9.tgz. Extracting by manifest.
594 silly tarball no local data for negotiator@https://registry.npmjs.org/negotiator/-/negotiator-0.6.4.tgz. Extracting by manifest.
595 silly tarball no local data for is-wsl@https://registry.npmjs.org/is-wsl/-/is-wsl-2.2.0.tgz. Extracting by manifest.
596 silly tarball no local data for safe-buffer@https://registry.npmjs.org/safe-buffer/-/safe-buffer-5.2.1.tgz. Extracting by manifest.
597 silly tarball no local data for wrap-ansi@https://registry.npmjs.org/wrap-ansi/-/wrap-ansi-8.1.0.tgz. Extracting by manifest.
598 silly tarball no local data for compressible@https://registry.npmjs.org/compressible/-/compressible-2.0.18.tgz. Extracting by manifest.
599 silly tarball no local data for execa@https://registry.npmjs.org/execa/-/execa-5.1.1.tgz. Extracting by manifest.
600 silly tarball no local data for arch@https://registry.npmjs.org/arch/-/arch-2.2.0.tgz. Extracting by manifest.
601 silly tarball no local data for widest-line@https://registry.npmjs.org/widest-line/-/widest-line-4.0.1.tgz. Extracting by manifest.
602 silly tarball no local data for string-width@https://registry.npmjs.org/string-width/-/string-width-5.1.2.tgz. Extracting by manifest.
603 silly tarball no local data for type-fest@https://registry.npmjs.org/type-fest/-/type-fest-2.19.0.tgz. Extracting by manifest.
604 silly tarball no local data for cli-boxes@https://registry.npmjs.org/cli-boxes/-/cli-boxes-3.0.0.tgz. Extracting by manifest.
605 silly tarball no local data for ansi-regex@https://registry.npmjs.org/ansi-regex/-/ansi-regex-5.0.1.tgz. Extracting by manifest.
606 silly tarball no local data for ansi-align@https://registry.npmjs.org/ansi-align/-/ansi-align-3.0.1.tgz. Extracting by manifest.
607 silly tarball no local data for strip-ansi@https://registry.npmjs.org/strip-ansi/-/strip-ansi-6.0.1.tgz. Extracting by manifest.
608 silly tarball no local data for camelcase@https://registry.npmjs.org/camelcase/-/camelcase-7.0.1.tgz. Extracting by manifest.
609 silly tarball no local data for uri-js@https://registry.npmjs.org/uri-js/-/uri-js-4.4.1.tgz. Extracting by manifest.
610 silly tarball no local data for emoji-regex@https://registry.npmjs.org/emoji-regex/-/emoji-regex-8.0.0.tgz. Extracting by manifest.
611 silly tarball no local data for string-width@https://registry.npmjs.org/string-width/-/string-width-4.2.3.tgz. Extracting by manifest.
612 silly tarball no local data for require-from-string@https://registry.npmjs.org/require-from-string/-/require-from-string-2.0.2.tgz. Extracting by manifest.
613 silly tarball no local data for json-schema-traverse@https://registry.npmjs.org/json-schema-traverse/-/json-schema-traverse-1.0.0.tgz. Extracting by manifest.
614 silly tarball no local data for fast-deep-equal@https://registry.npmjs.org/fast-deep-equal/-/fast-deep-equal-3.1.3.tgz. Extracting by manifest.
615 silly tarball no local data for bytes@https://registry.npmjs.org/bytes/-/bytes-3.0.0.tgz. Extracting by manifest.
616 silly tarball no local data for update-check@https://registry.npmjs.org/update-check/-/update-check-1.5.4.tgz. Extracting by manifest.
617 silly tarball no local data for compression@https://registry.npmjs.org/compression/-/compression-1.8.1.tgz. Extracting by manifest.
618 silly tarball no local data for bytes@https://registry.npmjs.org/bytes/-/bytes-3.1.2.tgz. Extracting by manifest.
619 silly tarball no local data for is-port-reachable@https://registry.npmjs.org/is-port-reachable/-/is-port-reachable-4.0.0.tgz. Extracting by manifest.
620 silly tarball no local data for chalk@https://registry.npmjs.org/chalk/-/chalk-4.1.2.tgz. Extracting by manifest.
621 silly tarball no local data for chalk-template@https://registry.npmjs.org/chalk-template/-/chalk-template-0.4.0.tgz. Extracting by manifest.
622 silly tarball no local data for ansi-styles@https://registry.npmjs.org/ansi-styles/-/ansi-styles-4.3.0.tgz. Extracting by manifest.
623 silly tarball no local data for clipboardy@https://registry.npmjs.org/clipboardy/-/clipboardy-3.0.0.tgz. Extracting by manifest.
624 silly tarball no local data for serve-handler@https://registry.npmjs.org/serve-handler/-/serve-handler-6.1.6.tgz. Extracting by manifest.
625 silly tarball no local data for boxen@https://registry.npmjs.org/boxen/-/boxen-7.0.0.tgz. Extracting by manifest.
626 silly tarball no local data for chalk@https://registry.npmjs.org/chalk/-/chalk-5.0.1.tgz. Extracting by manifest.
627 silly tarball no local data for arg@https://registry.npmjs.org/arg/-/arg-5.0.2.tgz. Extracting by manifest.
628 silly tarball no local data for ajv@https://registry.npmjs.org/ajv/-/ajv-8.12.0.tgz. Extracting by manifest.
629 silly tarball no local data for @zeit/schemas@https://registry.npmjs.org/@zeit/schemas/-/schemas-2.36.0.tgz. Extracting by manifest.
630 http fetch GET 200 https://registry.npmjs.org/color-name/-/color-name-1.1.4.tgz 923ms (cache miss)
631 http fetch GET 200 https://registry.npmjs.org/supports-color/-/supports-color-7.2.0.tgz 1058ms (cache miss)
632 http fetch GET 200 https://registry.npmjs.org/color-convert/-/color-convert-2.0.1.tgz 1068ms (cache miss)
633 http fetch GET 200 https://registry.npmjs.org/has-flag/-/has-flag-4.0.0.tgz 1216ms (cache miss)
634 http fetch GET 200 https://registry.npmjs.org/ansi-styles/-/ansi-styles-6.2.3.tgz 1223ms (cache miss)
635 http fetch GET 200 https://registry.npmjs.org/serve/-/serve-14.2.5.tgz 1238ms (cache miss)
636 http fetch GET 200 https://registry.npmjs.org/is-fullwidth-code-point/-/is-fullwidth-code-point-3.0.0.tgz 1235ms (cache miss)
637 http fetch GET 200 https://registry.npmjs.org/registry-url/-/registry-url-3.1.0.tgz 1278ms (cache miss)
638 http fetch GET 200 https://registry.npmjs.org/eastasianwidth/-/eastasianwidth-0.2.0.tgz 1273ms (cache miss)
639 http fetch GET 200 https://registry.npmjs.org/concat-map/-/concat-map-0.0.1.tgz 1327ms (cache miss)
640 http fetch GET 200 https://registry.npmjs.org/ansi-regex/-/ansi-regex-6.2.2.tgz 1408ms (cache miss)
641 http fetch GET 200 https://registry.npmjs.org/strip-ansi/-/strip-ansi-7.1.2.tgz 1460ms (cache miss)
642 http fetch GET 200 https://registry.npmjs.org/path-to-regexp/-/path-to-regexp-3.3.0.tgz 1457ms (cache miss)
643 http fetch GET 200 https://registry.npmjs.org/shebang-regex/-/shebang-regex-3.0.0.tgz 1496ms (cache miss)
644 http fetch GET 200 https://registry.npmjs.org/brace-expansion/-/brace-expansion-1.1.12.tgz 1498ms (cache miss)
645 http fetch GET 200 https://registry.npmjs.org/range-parser/-/range-parser-1.2.0.tgz 1673ms (cache miss)
646 http fetch GET 200 https://registry.npmjs.org/balanced-match/-/balanced-match-1.0.2.tgz 1720ms (cache miss)
647 http fetch GET 200 https://registry.npmjs.org/path-is-inside/-/path-is-inside-1.0.2.tgz 1749ms (cache miss)
648 http fetch GET 200 https://registry.npmjs.org/minimatch/-/minimatch-3.1.2.tgz 1750ms (cache miss)
649 http fetch GET 200 https://registry.npmjs.org/which/-/which-2.0.2.tgz 1753ms (cache miss)
650 http fetch GET 200 https://registry.npmjs.org/strip-json-comments/-/strip-json-comments-2.0.1.tgz 1814ms (cache miss)
651 http fetch GET 200 https://registry.npmjs.org/shebang-command/-/shebang-command-2.0.0.tgz 1851ms (cache miss)
652 http fetch GET 200 https://registry.npmjs.org/mime-types/-/mime-types-2.1.18.tgz 1921ms (cache miss)
653 http fetch GET 200 https://registry.npmjs.org/mimic-fn/-/mimic-fn-2.1.0.tgz 1922ms (cache miss)
654 http fetch GET 200 https://registry.npmjs.org/ms/-/ms-2.0.0.tgz 1917ms (cache miss)
655 http fetch GET 200 https://registry.npmjs.org/content-disposition/-/content-disposition-0.5.2.tgz 2035ms (cache miss)
656 http fetch GET 200 https://registry.npmjs.org/vary/-/vary-1.1.2.tgz 2024ms (cache miss)
657 http fetch GET 200 https://registry.npmjs.org/strip-final-newline/-/strip-final-newline-2.0.0.tgz 2276ms (cache miss)
658 http fetch GET 200 https://registry.npmjs.org/strip-ansi/-/strip-ansi-6.0.1.tgz 2252ms (cache miss)
659 http fetch GET 200 https://registry.npmjs.org/ansi-regex/-/ansi-regex-5.0.1.tgz 2261ms (cache miss)
660 http fetch GET 200 https://registry.npmjs.org/camelcase/-/camelcase-7.0.1.tgz 2258ms (cache miss)
661 http fetch GET 200 https://registry.npmjs.org/ini/-/ini-1.3.8.tgz 2412ms (cache miss)
662 http fetch GET 200 https://registry.npmjs.org/merge-stream/-/merge-stream-2.0.0.tgz 2372ms (cache miss)
663 http fetch GET 200 https://registry.npmjs.org/arch/-/arch-2.2.0.tgz 2345ms (cache miss)
664 http fetch GET 200 https://registry.npmjs.org/npm-run-path/-/npm-run-path-4.0.1.tgz 2392ms (cache miss)
665 http fetch GET 200 https://registry.npmjs.org/onetime/-/onetime-5.1.2.tgz 2387ms (cache miss)
666 http fetch GET 200 https://registry.npmjs.org/path-key/-/path-key-3.1.1.tgz 2410ms (cache miss)
667 http fetch GET 200 https://registry.npmjs.org/signal-exit/-/signal-exit-3.0.7.tgz 2407ms (cache miss)
668 http fetch GET 200 https://registry.npmjs.org/is-wsl/-/is-wsl-2.2.0.tgz 2381ms (cache miss)
669 http fetch GET 200 https://registry.npmjs.org/negotiator/-/negotiator-0.6.4.tgz 2388ms (cache miss)
670 http fetch GET 200 https://registry.npmjs.org/deep-extend/-/deep-extend-0.6.0.tgz 2475ms (cache miss)
671 http fetch GET 200 https://registry.npmjs.org/punycode/-/punycode-2.3.1.tgz 2480ms (cache miss)
672 http fetch GET 200 https://registry.npmjs.org/is-docker/-/is-docker-2.2.1.tgz 2449ms (cache miss)
673 http fetch GET 200 https://registry.npmjs.org/is-stream/-/is-stream-2.0.1.tgz 2439ms (cache miss)
674 http fetch GET 200 https://registry.npmjs.org/compressible/-/compressible-2.0.18.tgz 2416ms (cache miss)
675 http fetch GET 200 https://registry.npmjs.org/on-headers/-/on-headers-1.1.0.tgz 2430ms (cache miss)
676 http fetch GET 200 https://registry.npmjs.org/require-from-string/-/require-from-string-2.0.2.tgz 2404ms (cache miss)
677 http fetch GET 200 https://registry.npmjs.org/is-port-reachable/-/is-port-reachable-4.0.0.tgz 2397ms (cache miss)
678 http fetch GET 200 https://registry.npmjs.org/fast-deep-equal/-/fast-deep-equal-3.1.3.tgz 2405ms (cache miss)
679 http fetch GET 200 https://registry.npmjs.org/widest-line/-/widest-line-4.0.1.tgz 2435ms (cache miss)
680 http fetch GET 200 https://registry.npmjs.org/ansi-align/-/ansi-align-3.0.1.tgz 2430ms (cache miss)
681 http fetch GET 200 https://registry.npmjs.org/string-width/-/string-width-4.2.3.tgz 2446ms (cache miss)
682 http fetch GET 200 https://registry.npmjs.org/chalk-template/-/chalk-template-0.4.0.tgz 2447ms (cache miss)
683 http fetch GET 200 https://registry.npmjs.org/wrap-ansi/-/wrap-ansi-8.1.0.tgz 2500ms (cache miss)
684 http fetch GET 200 https://registry.npmjs.org/string-width/-/string-width-5.1.2.tgz 2501ms (cache miss)
685 http fetch GET 200 https://registry.npmjs.org/get-stream/-/get-stream-6.0.1.tgz 2533ms (cache miss)
686 http fetch GET 200 https://registry.npmjs.org/boxen/-/boxen-7.0.0.tgz 2480ms (cache miss)
687 http fetch GET 200 https://registry.npmjs.org/arg/-/arg-5.0.2.tgz 2534ms (cache miss)
688 http fetch GET 200 https://registry.npmjs.org/isexe/-/isexe-2.0.0.tgz 2689ms (cache miss)
689 http fetch GET 200 https://registry.npmjs.org/bytes/-/bytes-3.0.0.tgz 2591ms (cache miss)
690 http fetch GET 200 https://registry.npmjs.org/ansi-styles/-/ansi-styles-4.3.0.tgz 2589ms (cache miss)
691 http fetch GET 200 https://registry.npmjs.org/bytes/-/bytes-3.1.2.tgz 2607ms (cache miss)
692 http fetch GET 200 https://registry.npmjs.org/cli-boxes/-/cli-boxes-3.0.0.tgz 2632ms (cache miss)
693 http fetch GET 200 https://registry.npmjs.org/mime-db/-/mime-db-1.33.0.tgz 2693ms (cache miss)
694 http fetch GET 200 https://registry.npmjs.org/update-check/-/update-check-1.5.4.tgz 2672ms (cache miss)
695 http fetch GET 200 https://registry.npmjs.org/mime-db/-/mime-db-1.54.0.tgz 2777ms (cache miss)
696 http fetch GET 200 https://registry.npmjs.org/emoji-regex/-/emoji-regex-8.0.0.tgz 2780ms (cache miss)
697 http fetch GET 200 https://registry.npmjs.org/safe-buffer/-/safe-buffer-5.2.1.tgz 2814ms (cache miss)
698 http fetch GET 200 https://registry.npmjs.org/serve-handler/-/serve-handler-6.1.6.tgz 2783ms (cache miss)
699 http fetch GET 200 https://registry.npmjs.org/compression/-/compression-1.8.1.tgz 2817ms (cache miss)
700 http fetch GET 200 https://registry.npmjs.org/cross-spawn/-/cross-spawn-7.0.6.tgz 2884ms (cache miss)
701 http fetch GET 200 https://registry.npmjs.org/rc/-/rc-1.2.8.tgz 2946ms (cache miss)
702 http fetch GET 200 https://registry.npmjs.org/chalk/-/chalk-4.1.2.tgz 2859ms (cache miss)
703 http fetch GET 200 https://registry.npmjs.org/registry-auth-token/-/registry-auth-token-3.3.2.tgz 2966ms (cache miss)
704 http fetch GET 200 https://registry.npmjs.org/execa/-/execa-5.1.1.tgz 2907ms (cache miss)
705 http fetch GET 200 https://registry.npmjs.org/emoji-regex/-/emoji-regex-9.2.2.tgz 2984ms (cache miss)
706 http fetch GET 200 https://registry.npmjs.org/json-schema-traverse/-/json-schema-traverse-1.0.0.tgz 2911ms (cache miss)
707 http fetch GET 200 https://registry.npmjs.org/debug/-/debug-2.6.9.tgz 2984ms (cache miss)
708 http fetch GET 200 https://registry.npmjs.org/@zeit/schemas/-/schemas-2.36.0.tgz 2939ms (cache miss)
709 http fetch GET 200 https://registry.npmjs.org/human-signals/-/human-signals-2.1.0.tgz 3012ms (cache miss)
710 http fetch GET 200 https://registry.npmjs.org/chalk/-/chalk-5.0.1.tgz 2965ms (cache miss)
711 http fetch GET 200 https://registry.npmjs.org/minimist/-/minimist-1.2.8.tgz 3257ms (cache miss)
712 http fetch GET 200 https://registry.npmjs.org/clipboardy/-/clipboardy-3.0.0.tgz 3162ms (cache miss)
713 http fetch GET 200 https://registry.npmjs.org/uri-js/-/uri-js-4.4.1.tgz 3526ms (cache miss)
714 http fetch GET 200 https://registry.npmjs.org/type-fest/-/type-fest-2.19.0.tgz 3613ms (cache miss)
715 http fetch GET 200 https://registry.npmjs.org/ajv/-/ajv-8.12.0.tgz 6233ms (cache miss)
716 silly ADD node_modules/serve
717 silly ADD node_modules/serve/node_modules/color-name
718 silly ADD node_modules/serve/node_modules/color-convert
719 silly ADD node_modules/serve/node_modules/has-flag
720 silly ADD node_modules/serve/node_modules/supports-color
721 silly ADD node_modules/serve/node_modules/is-fullwidth-code-point
722 silly ADD node_modules/serve/node_modules/ansi-styles
723 silly ADD node_modules/serve/node_modules/isexe
724 silly ADD node_modules/serve/node_modules/punycode
725 silly ADD node_modules/serve/node_modules/strip-json-comments
726 silly ADD node_modules/serve/node_modules/minimist
727 silly ADD node_modules/serve/node_modules/ini
728 silly ADD node_modules/serve/node_modules/deep-extend
729 silly ADD node_modules/serve/node_modules/rc
730 silly ADD node_modules/serve/node_modules/registry-url
731 silly ADD node_modules/serve/node_modules/registry-auth-token
732 silly ADD node_modules/serve/node_modules/ansi-regex
733 silly ADD node_modules/serve/node_modules/strip-ansi
734 silly ADD node_modules/serve/node_modules/emoji-regex
735 silly ADD node_modules/serve/node_modules/eastasianwidth
736 silly ADD node_modules/serve/node_modules/shebang-regex
737 silly ADD node_modules/serve/node_modules/concat-map
738 silly ADD node_modules/serve/node_modules/balanced-match
739 silly ADD node_modules/serve/node_modules/brace-expansion
740 silly ADD node_modules/serve/node_modules/range-parser
741 silly ADD node_modules/serve/node_modules/path-to-regexp
742 silly ADD node_modules/serve/node_modules/path-is-inside
743 silly ADD node_modules/serve/node_modules/minimatch
744 silly ADD node_modules/serve/node_modules/mime-types
745 silly ADD node_modules/serve/node_modules/mime-types/node_modules/mime-db
746 silly ADD node_modules/serve/node_modules/content-disposition
747 silly ADD node_modules/serve/node_modules/mimic-fn
748 silly ADD node_modules/serve/node_modules/is-docker
749 silly ADD node_modules/serve/node_modules/which
750 silly ADD node_modules/serve/node_modules/shebang-command
751 silly ADD node_modules/serve/node_modules/path-key
752 silly ADD node_modules/serve/node_modules/strip-final-newline
753 silly ADD node_modules/serve/node_modules/signal-exit
754 silly ADD node_modules/serve/node_modules/onetime
755 silly ADD node_modules/serve/node_modules/npm-run-path
756 silly ADD node_modules/serve/node_modules/merge-stream
757 silly ADD node_modules/serve/node_modules/is-stream
758 silly ADD node_modules/serve/node_modules/human-signals
759 silly ADD node_modules/serve/node_modules/get-stream
760 silly ADD node_modules/serve/node_modules/cross-spawn
761 silly ADD node_modules/serve/node_modules/ms
762 silly ADD node_modules/serve/node_modules/mime-db
763 silly ADD node_modules/serve/node_modules/vary
764 silly ADD node_modules/serve/node_modules/safe-buffer
765 silly ADD node_modules/serve/node_modules/on-headers
766 silly ADD node_modules/serve/node_modules/negotiator
767 silly ADD node_modules/serve/node_modules/debug
768 silly ADD node_modules/serve/node_modules/compressible
769 silly ADD node_modules/serve/node_modules/bytes
770 silly ADD node_modules/serve/node_modules/is-wsl
771 silly ADD node_modules/serve/node_modules/execa
772 silly ADD node_modules/serve/node_modules/arch
773 silly ADD node_modules/serve/node_modules/wrap-ansi
774 silly ADD node_modules/serve/node_modules/widest-line
775 silly ADD node_modules/serve/node_modules/type-fest
776 silly ADD node_modules/serve/node_modules/string-width
777 silly ADD node_modules/serve/node_modules/cli-boxes
778 silly ADD node_modules/serve/node_modules/camelcase
779 silly ADD node_modules/serve/node_modules/ansi-align
780 silly ADD node_modules/serve/node_modules/ansi-align/node_modules/ansi-regex
781 silly ADD node_modules/serve/node_modules/ansi-align/node_modules/strip-ansi
782 silly ADD node_modules/serve/node_modules/ansi-align/node_modules/emoji-regex
783 silly ADD node_modules/serve/node_modules/ansi-align/node_modules/string-width
784 silly ADD node_modules/serve/node_modules/uri-js
785 silly ADD node_modules/serve/node_modules/require-from-string
786 silly ADD node_modules/serve/node_modules/json-schema-traverse
787 silly ADD node_modules/serve/node_modules/fast-deep-equal
788 silly ADD node_modules/serve/node_modules/update-check
789 silly ADD node_modules/serve/node_modules/serve-handler
790 silly ADD node_modules/serve/node_modules/serve-handler/node_modules/bytes
791 silly ADD node_modules/serve/node_modules/is-port-reachable
792 silly ADD node_modules/serve/node_modules/compression
793 silly ADD node_modules/serve/node_modules/clipboardy
794 silly ADD node_modules/serve/node_modules/chalk-template
795 silly ADD node_modules/serve/node_modules/chalk-template/node_modules/ansi-styles
796 silly ADD node_modules/serve/node_modules/chalk-template/node_modules/chalk
797 silly ADD node_modules/serve/node_modules/chalk
798 silly ADD node_modules/serve/node_modules/boxen
799 silly ADD node_modules/serve/node_modules/arg
800 silly ADD node_modules/serve/node_modules/ajv
801 silly ADD node_modules/serve/node_modules/@zeit/schemas
802 verbose cwd C:\Users\jamel\Code\architect-portfolio
803 verbose os Windows_NT 10.0.26100
804 verbose node v24.13.0
805 verbose npm  v11.6.2
806 verbose exit 0
807 info ok
