0 verbose cli C:\Program Files\nodejs\node.exe C:\Program Files\nodejs\node_modules\npm\bin\npm-cli.js
1 info using npm@11.6.2
2 info using node@v24.13.0
3 silly config load:file:C:\Program Files\nodejs\node_modules\npm\npmrc
4 silly config load:file:C:\Users\jamel\Code\architect-portfolio\.npmrc
5 silly config load:file:C:\Users\jamel\.npmrc
6 silly config load:file:C:\Users\jamel\Code\architect-portfolio\%APPDATA%\npm\etc\npmrc
7 verbose title npm install react-router-dom framer-motion lucide-react
8 verbose argv "install" "react-router-dom" "framer-motion" "lucide-react"
9 verbose logfile logs-max:10 dir:C:\Users\jamel\Code\architect-portfolio\%APPDATA%\npm-cache\_logs\2026-02-04T11_08_36_295Z-
10 verbose logfile C:\Users\jamel\Code\architect-portfolio\%APPDATA%\npm-cache\_logs\2026-02-04T11_08_36_295Z-debug-0.log
11 silly logfile done cleaning log files
12 silly packumentCache heap:4496293888 maxSize:1124073472 maxEntrySize:562036736
13 silly idealTree buildDeps
14 silly fetch manifest react-router-dom@*
15 silly packumentCache full:https://registry.npmjs.org/react-router-dom cache-miss
16 http fetch GET 200 https://registry.npmjs.org/react-router-dom 2069ms (cache miss)
17 silly packumentCache full:https://registry.npmjs.org/react-router-dom set size:undefined disposed:false
18 silly fetch manifest react@^19.2.4
19 silly packumentCache full:https://registry.npmjs.org/react cache-miss
20 http fetch GET 200 https://registry.npmjs.org/npm 4247ms
21 http fetch GET 200 https://registry.npmjs.org/react 4567ms (cache miss)
22 silly packumentCache full:https://registry.npmjs.org/react set size:undefined disposed:false
23 silly fetch manifest react-dom@^19.2.4
24 silly packumentCache full:https://registry.npmjs.org/react-dom cache-miss
25 http fetch GET 200 https://registry.npmjs.org/react-dom 3293ms (cache miss)
26 silly packumentCache full:https://registry.npmjs.org/react-dom set size:undefined disposed:false
27 silly fetch manifest framer-motion@*
28 silly packumentCache full:https://registry.npmjs.org/framer-motion cache-miss
29 http fetch GET 200 https://registry.npmjs.org/framer-motion 1471ms (cache miss)
30 silly packumentCache full:https://registry.npmjs.org/framer-motion set size:undefined disposed:false
31 silly fetch manifest @emotion/is-prop-valid@*
32 silly packumentCache full:https://registry.npmjs.org/@emotion%2fis-prop-valid cache-miss
33 http fetch GET 200 https://registry.npmjs.org/@emotion%2fis-prop-valid 163ms (cache miss)
34 silly packumentCache full:https://registry.npmjs.org/@emotion%2fis-prop-valid set size:undefined disposed:false
35 silly fetch manifest lucide-react@*
36 silly packumentCache full:https://registry.npmjs.org/lucide-react cache-miss
37 http fetch GET 200 https://registry.npmjs.org/lucide-react 1415ms (cache miss)
38 silly packumentCache full:https://registry.npmjs.org/lucide-react set size:undefined disposed:false
39 silly placeDep ROOT framer-motion@12.31.0 OK for: architect-portfolio@0.1.0 want: *
40 silly placeDep ROOT lucide-react@0.563.0 OK for: architect-portfolio@0.1.0 want: *
41 silly placeDep ROOT react-router-dom@7.13.0 OK for: architect-portfolio@0.1.0 want: *
42 silly fetch manifest motion-dom@^12.30.1
43 silly packumentCache full:https://registry.npmjs.org/motion-dom cache-miss
44 silly fetch manifest motion-utils@^12.29.2
45 silly packumentCache full:https://registry.npmjs.org/motion-utils cache-miss
46 silly fetch manifest react-router@7.13.0
47 silly packumentCache full:https://registry.npmjs.org/react-router cache-miss
48 http fetch GET 200 https://registry.npmjs.org/motion-utils 392ms (cache miss)
49 silly packumentCache full:https://registry.npmjs.org/motion-utils set size:undefined disposed:false
50 http fetch GET 200 https://registry.npmjs.org/motion-dom 654ms (cache miss)
51 silly packumentCache full:https://registry.npmjs.org/motion-dom set size:undefined disposed:false
52 http fetch GET 200 https://registry.npmjs.org/react-router 2574ms (cache miss)
53 silly packumentCache full:https://registry.npmjs.org/react-router set size:undefined disposed:false
54 silly placeDep ROOT motion-dom@12.30.1 OK for: framer-motion@12.31.0 want: ^12.30.1
55 silly placeDep ROOT motion-utils@12.29.2 OK for: framer-motion@12.31.0 want: ^12.29.2
56 silly fetch manifest react@>=18
57 silly packumentCache full:https://registry.npmjs.org/react cache-miss
58 http cache https://registry.npmjs.org/react 39ms (cache hit)
59 silly packumentCache full:https://registry.npmjs.org/react set size:6450749 disposed:false
60 silly fetch manifest react-dom@>=18
61 silly packumentCache full:https://registry.npmjs.org/react-dom cache-miss
62 http cache https://registry.npmjs.org/react-dom 38ms (cache hit)
63 silly packumentCache full:https://registry.npmjs.org/react-dom set size:8526345 disposed:false
64 silly placeDep ROOT react-router@7.13.0 OK for: react-router-dom@7.13.0 want: 7.13.0
65 silly fetch manifest cookie@^1.0.1
66 silly packumentCache full:https://registry.npmjs.org/cookie cache-miss
67 silly fetch manifest set-cookie-parser@^2.6.0
68 silly packumentCache full:https://registry.npmjs.org/set-cookie-parser cache-miss
69 http fetch GET 200 https://registry.npmjs.org/cookie 61ms (cache miss)
70 silly packumentCache full:https://registry.npmjs.org/cookie set size:undefined disposed:false
71 http fetch GET 200 https://registry.npmjs.org/set-cookie-parser 78ms (cache miss)
72 silly packumentCache full:https://registry.npmjs.org/set-cookie-parser set size:undefined disposed:false
73 silly placeDep node_modules/react-router cookie@1.1.1 OK for: react-router@7.13.0 want: ^1.0.1
74 silly placeDep ROOT set-cookie-parser@2.7.2 OK for: react-router@7.13.0 want: ^2.6.0
75 silly fetch manifest yaml@^2.4.2
76 silly packumentCache full:https://registry.npmjs.org/yaml cache-miss
77 http fetch GET 200 https://registry.npmjs.org/yaml 346ms (cache miss)
78 silly packumentCache full:https://registry.npmjs.org/yaml set size:undefined disposed:false
79 silly placeDep node_modules/tailwindcss yaml@2.8.2 OK for: postcss-load-config@6.0.1 want: ^2.4.2
80 silly reify moves {}
81 silly audit bulk request {
81 silly audit   '@adobe/css-tools': [ '4.4.4' ],
81 silly audit   '@alloc/quick-lru': [ '5.2.0' ],
81 silly audit   '@babel/code-frame': [ '7.29.0' ],
81 silly audit   '@babel/compat-data': [ '7.29.0' ],
81 silly audit   '@babel/core': [ '7.29.0' ],
81 silly audit   semver: [ '6.3.1', '7.7.3' ],
81 silly audit   '@babel/eslint-parser': [ '7.28.6' ],
81 silly audit   'eslint-visitor-keys': [ '2.1.0', '3.4.3' ],
81 silly audit   '@babel/generator': [ '7.29.0' ],
81 silly audit   '@babel/helper-annotate-as-pure': [ '7.27.3' ],
81 silly audit   '@babel/helper-compilation-targets': [ '7.28.6' ],
81 silly audit   '@babel/helper-create-class-features-plugin': [ '7.28.6' ],
81 silly audit   '@babel/helper-create-regexp-features-plugin': [ '7.28.5' ],
81 silly audit   '@babel/helper-define-polyfill-provider': [ '0.6.6' ],
81 silly audit   '@babel/helper-globals': [ '7.28.0' ],
81 silly audit   '@babel/helper-member-expression-to-functions': [ '7.28.5' ],
81 silly audit   '@babel/helper-module-imports': [ '7.28.6' ],
81 silly audit   '@babel/helper-module-transforms': [ '7.28.6' ],
81 silly audit   '@babel/helper-optimise-call-expression': [ '7.27.1' ],
81 silly audit   '@babel/helper-plugin-utils': [ '7.28.6' ],
81 silly audit   '@babel/helper-remap-async-to-generator': [ '7.27.1' ],
81 silly audit   '@babel/helper-replace-supers': [ '7.28.6' ],
81 silly audit   '@babel/helper-skip-transparent-expression-wrappers': [ '7.27.1' ],
81 silly audit   '@babel/helper-string-parser': [ '7.27.1' ],
81 silly audit   '@babel/helper-validator-identifier': [ '7.28.5' ],
81 silly audit   '@babel/helper-validator-option': [ '7.27.1' ],
81 silly audit   '@babel/helper-wrap-function': [ '7.28.6' ],
81 silly audit   '@babel/helpers': [ '7.28.6' ],
81 silly audit   '@babel/parser': [ '7.29.0' ],
81 silly audit   '@babel/plugin-bugfix-firefox-class-in-computed-class-key': [ '7.28.5' ],
81 silly audit   '@babel/plugin-bugfix-safari-class-field-initializer-scope': [ '7.27.1' ],
81 silly audit   '@babel/plugin-bugfix-safari-id-destructuring-collision-in-function-expression': [ '7.27.1' ],
81 silly audit   '@babel/plugin-bugfix-v8-spread-parameters-in-optional-chaining': [ '7.27.1' ],
81 silly audit   '@babel/plugin-bugfix-v8-static-class-fields-redefine-readonly': [ '7.28.6' ],
81 silly audit   '@babel/plugin-proposal-class-properties': [ '7.18.6' ],
81 silly audit   '@babel/plugin-proposal-decorators': [ '7.29.0' ],
81 silly audit   '@babel/plugin-proposal-nullish-coalescing-operator': [ '7.18.6' ],
81 silly audit   '@babel/plugin-proposal-numeric-separator': [ '7.18.6' ],
81 silly audit   '@babel/plugin-proposal-optional-chaining': [ '7.21.0' ],
81 silly audit   '@babel/plugin-proposal-private-methods': [ '7.18.6' ],
81 silly audit   '@babel/plugin-proposal-private-property-in-object': [ '7.21.0-placeholder-for-preset-env.2', '7.21.11' ],
81 silly audit   '@babel/plugin-syntax-async-generators': [ '7.8.4' ],
81 silly audit   '@babel/plugin-syntax-bigint': [ '7.8.3' ],
81 silly audit   '@babel/plugin-syntax-class-properties': [ '7.12.13' ],
81 silly audit   '@babel/plugin-syntax-class-static-block': [ '7.14.5' ],
81 silly audit   '@babel/plugin-syntax-decorators': [ '7.28.6' ],
81 silly audit   '@babel/plugin-syntax-flow': [ '7.28.6' ],
81 silly audit   '@babel/plugin-syntax-import-assertions': [ '7.28.6' ],
81 silly audit   '@babel/plugin-syntax-import-attributes': [ '7.28.6' ],
81 silly audit   '@babel/plugin-syntax-import-meta': [ '7.10.4' ],
81 silly audit   '@babel/plugin-syntax-json-strings': [ '7.8.3' ],
81 silly audit   '@babel/plugin-syntax-jsx': [ '7.28.6' ],
81 silly audit   '@babel/plugin-syntax-logical-assignment-operators': [ '7.10.4' ],
81 silly audit   '@babel/plugin-syntax-nullish-coalescing-operator': [ '7.8.3' ],
81 silly audit   '@babel/plugin-syntax-numeric-separator': [ '7.10.4' ],
81 silly audit   '@babel/plugin-syntax-object-rest-spread': [ '7.8.3' ],
81 silly audit   '@babel/plugin-syntax-optional-catch-binding': [ '7.8.3' ],
81 silly audit   '@babel/plugin-syntax-optional-chaining': [ '7.8.3' ],
81 silly audit   '@babel/plugin-syntax-private-property-in-object': [ '7.14.5' ],
81 silly audit   '@babel/plugin-syntax-top-level-await': [ '7.14.5' ],
81 silly audit   '@babel/plugin-syntax-typescript': [ '7.28.6' ],
81 silly audit   '@babel/plugin-syntax-unicode-sets-regex': [ '7.18.6' ],
81 silly audit   '@babel/plugin-transform-arrow-functions': [ '7.27.1' ],
81 silly audit   '@babel/plugin-transform-async-generator-functions': [ '7.29.0' ],
81 silly audit   '@babel/plugin-transform-async-to-generator': [ '7.28.6' ],
81 silly audit   '@babel/plugin-transform-block-scoped-functions': [ '7.27.1' ],
81 silly audit   '@babel/plugin-transform-block-scoping': [ '7.28.6' ],
81 silly audit   '@babel/plugin-transform-class-properties': [ '7.28.6' ],
81 silly audit   '@babel/plugin-transform-class-static-block': [ '7.28.6' ],
81 silly audit   '@babel/plugin-transform-classes': [ '7.28.6' ],
81 silly audit   '@babel/plugin-transform-computed-properties': [ '7.28.6' ],
81 silly audit   '@babel/plugin-transform-destructuring': [ '7.28.5' ],
81 silly audit   '@babel/plugin-transform-dotall-regex': [ '7.28.6' ],
81 silly audit   '@babel/plugin-transform-duplicate-keys': [ '7.27.1' ],
81 silly audit   '@babel/plugin-transform-duplicate-named-capturing-groups-regex': [ '7.29.0' ],
81 silly audit   '@babel/plugin-transform-dynamic-import': [ '7.27.1' ],
81 silly audit   '@babel/plugin-transform-explicit-resource-management': [ '7.28.6' ],
81 silly audit   '@babel/plugin-transform-exponentiation-operator': [ '7.28.6' ],
81 silly audit   '@babel/plugin-transform-export-namespace-from': [ '7.27.1' ],
81 silly audit   '@babel/plugin-transform-flow-strip-types': [ '7.27.1' ],
81 silly audit   '@babel/plugin-transform-for-of': [ '7.27.1' ],
81 silly audit   '@babel/plugin-transform-function-name': [ '7.27.1' ],
81 silly audit   '@babel/plugin-transform-json-strings': [ '7.28.6' ],
81 silly audit   '@babel/plugin-transform-literals': [ '7.27.1' ],
81 silly audit   '@babel/plugin-transform-logical-assignment-operators': [ '7.28.6' ],
81 silly audit   '@babel/plugin-transform-member-expression-literals': [ '7.27.1' ],
81 silly audit   '@babel/plugin-transform-modules-amd': [ '7.27.1' ],
81 silly audit   '@babel/plugin-transform-modules-commonjs': [ '7.28.6' ],
81 silly audit   '@babel/plugin-transform-modules-systemjs': [ '7.29.0' ],
81 silly audit   '@babel/plugin-transform-modules-umd': [ '7.27.1' ],
81 silly audit   '@babel/plugin-transform-named-capturing-groups-regex': [ '7.29.0' ],
81 silly audit   '@babel/plugin-transform-new-target': [ '7.27.1' ],
81 silly audit   '@babel/plugin-transform-nullish-coalescing-operator': [ '7.28.6' ],
81 silly audit   '@babel/plugin-transform-numeric-separator': [ '7.28.6' ],
81 silly audit   '@babel/plugin-transform-object-rest-spread': [ '7.28.6' ],
81 silly audit   '@babel/plugin-transform-object-super': [ '7.27.1' ],
81 silly audit   '@babel/plugin-transform-optional-catch-binding': [ '7.28.6' ],
81 silly audit   '@babel/plugin-transform-optional-chaining': [ '7.28.6' ],
81 silly audit   '@babel/plugin-transform-parameters': [ '7.27.7' ],
81 silly audit   '@babel/plugin-transform-private-methods': [ '7.28.6' ],
81 silly audit   '@babel/plugin-transform-private-property-in-object': [ '7.28.6' ],
81 silly audit   '@babel/plugin-transform-property-literals': [ '7.27.1' ],
81 silly audit   '@babel/plugin-transform-react-constant-elements': [ '7.27.1' ],
81 silly audit   '@babel/plugin-transform-react-display-name': [ '7.28.0' ],
81 silly audit   '@babel/plugin-transform-react-jsx': [ '7.28.6' ],
81 silly audit   '@babel/plugin-transform-react-jsx-development': [ '7.27.1' ],
81 silly audit   '@babel/plugin-transform-react-pure-annotations': [ '7.27.1' ],
81 silly audit   '@babel/plugin-transform-regenerator': [ '7.29.0' ],
81 silly audit   '@babel/plugin-transform-regexp-modifiers': [ '7.28.6' ],
81 silly audit   '@babel/plugin-transform-reserved-words': [ '7.27.1' ],
81 silly audit   '@babel/plugin-transform-runtime': [ '7.29.0' ],
81 silly audit   'babel-plugin-polyfill-corejs3': [ '0.13.0', '0.14.0' ],
81 silly audit   '@babel/plugin-transform-shorthand-properties': [ '7.27.1' ],
81 silly audit   '@babel/plugin-transform-spread': [ '7.28.6' ],
81 silly audit   '@babel/plugin-transform-sticky-regex': [ '7.27.1' ],
81 silly audit   '@babel/plugin-transform-template-literals': [ '7.27.1' ],
81 silly audit   '@babel/plugin-transform-typeof-symbol': [ '7.27.1' ],
81 silly audit   '@babel/plugin-transform-typescript': [ '7.28.6' ],
81 silly audit   '@babel/plugin-transform-unicode-escapes': [ '7.27.1' ],
81 silly audit   '@babel/plugin-transform-unicode-property-regex': [ '7.28.6' ],
81 silly audit   '@babel/plugin-transform-unicode-regex': [ '7.27.1' ],
81 silly audit   '@babel/plugin-transform-unicode-sets-regex': [ '7.28.6' ],
81 silly audit   '@babel/preset-env': [ '7.29.0' ],
81 silly audit   '@babel/preset-modules': [ '0.1.6-no-external-plugins' ],
81 silly audit   '@babel/preset-react': [ '7.28.5' ],
81 silly audit   '@babel/preset-typescript': [ '7.28.5' ],
81 silly audit   '@babel/runtime': [ '7.28.6' ],
81 silly audit   '@babel/template': [ '7.28.6' ],
81 silly audit   '@babel/traverse': [ '7.29.0' ],
81 silly audit   '@babel/types': [ '7.29.0' ],
81 silly audit   '@bcoe/v8-coverage': [ '0.2.3' ],
81 silly audit   '@csstools/normalize.css': [ '12.1.1' ],
81 silly audit   '@csstools/postcss-cascade-layers': [ '1.1.1' ],
81 silly audit   '@csstools/postcss-color-function': [ '1.1.1' ],
81 silly audit   '@csstools/postcss-font-format-keywords': [ '1.0.1' ],
81 silly audit   '@csstools/postcss-hwb-function': [ '1.0.2' ],
81 silly audit   '@csstools/postcss-ic-unit': [ '1.0.1' ],
81 silly audit   '@csstools/postcss-is-pseudo-class': [ '2.0.7' ],
81 silly audit   '@csstools/postcss-nested-calc': [ '1.0.0' ],
81 silly audit   '@csstools/postcss-normalize-display-values': [ '1.0.1' ],
81 silly audit   '@csstools/postcss-oklab-function': [ '1.1.1' ],
81 silly audit   '@csstools/postcss-progressive-custom-properties': [ '1.3.0' ],
81 silly audit   '@csstools/postcss-stepped-value-functions': [ '1.0.1' ],
81 silly audit   '@csstools/postcss-text-decoration-shorthand': [ '1.0.0' ],
81 silly audit   '@csstools/postcss-trigonometric-functions': [ '1.0.2' ],
81 silly audit   '@csstools/postcss-unset-value': [ '1.0.2' ],
81 silly audit   '@csstools/selector-specificity': [ '2.2.0' ],
81 silly audit   '@eslint-community/eslint-utils': [ '4.9.1' ],
81 silly audit   '@eslint-community/regexpp': [ '4.12.2' ],
81 silly audit   '@eslint/eslintrc': [ '2.1.4' ],
81 silly audit   argparse: [ '2.0.1', '1.0.10' ],
81 silly audit   'js-yaml': [ '4.1.1', '3.14.2' ],
81 silly audit   '@eslint/js': [ '8.57.1' ],
81 silly audit   '@humanwhocodes/config-array': [ '0.13.0' ],
81 silly audit   '@humanwhocodes/module-importer': [ '1.0.1' ],
81 silly audit   '@humanwhocodes/object-schema': [ '2.0.3' ],
81 silly audit   '@istanbuljs/load-nyc-config': [ '1.1.0' ],
81 silly audit   camelcase: [ '5.3.1', '6.3.0' ],
81 silly audit   '@istanbuljs/schema': [ '0.1.3' ],
81 silly audit   '@jest/console': [ '27.5.1', '28.1.3' ],
81 silly audit   '@jest/core': [ '27.5.1' ],
81 silly audit   '@jest/environment': [ '27.5.1' ],
81 silly audit   '@jest/fake-timers': [ '27.5.1' ],
81 silly audit   '@jest/globals': [ '27.5.1' ],
81 silly audit   '@jest/reporters': [ '27.5.1' ],
81 silly audit   'source-map': [ '0.6.1', '0.7.6', '0.8.0-beta.0' ],
81 silly audit   '@jest/schemas': [ '28.1.3' ],
81 silly audit   '@jest/source-map': [ '27.5.1' ],
81 silly audit   '@jest/test-result': [ '27.5.1', '28.1.3' ],
81 silly audit   '@jest/test-sequencer': [ '27.5.1' ],
81 silly audit   '@jest/transform': [ '27.5.1' ],
81 silly audit   'convert-source-map': [ '1.9.0', '2.0.0' ],
81 silly audit   '@jest/types': [ '27.5.1', '28.1.3' ],
81 silly audit   '@jridgewell/gen-mapping': [ '0.3.13' ],
81 silly audit   '@jridgewell/remapping': [ '2.3.5' ],
81 silly audit   '@jridgewell/resolve-uri': [ '3.1.2' ],
81 silly audit   '@jridgewell/source-map': [ '0.3.11' ],
81 silly audit   '@jridgewell/sourcemap-codec': [ '1.5.5' ],
81 silly audit   '@jridgewell/trace-mapping': [ '0.3.31' ],
81 silly audit   '@leichtgewicht/ip-codec': [ '2.0.5' ],
81 silly audit   '@nicolo-ribaudo/eslint-scope-5-internals': [ '5.1.1-v1' ],
81 silly audit   'eslint-scope': [ '5.1.1', '7.2.2' ],
81 silly audit   estraverse: [ '4.3.0', '5.3.0' ],
81 silly audit   '@nodelib/fs.scandir': [ '2.1.5' ],
81 silly audit   '@nodelib/fs.stat': [ '2.0.5' ],
81 silly audit   '@nodelib/fs.walk': [ '1.2.8' ],
81 silly audit   '@pmmmwh/react-refresh-webpack-plugin': [ '0.5.17' ],
81 silly audit   '@rollup/plugin-babel': [ '5.3.1' ],
81 silly audit   '@rollup/plugin-node-resolve': [ '11.2.1' ],
81 silly audit   '@rollup/plugin-replace': [ '2.4.2' ],
81 silly audit   '@rollup/pluginutils': [ '3.1.0' ],
81 silly audit   '@types/estree': [ '0.0.39', '1.0.8' ],
81 silly audit   '@rtsao/scc': [ '1.1.0' ],
81 silly audit   '@rushstack/eslint-patch': [ '1.15.0' ],
81 silly audit   '@sinclair/typebox': [ '0.24.51' ],
81 silly audit   '@sinonjs/commons': [ '1.8.6' ],
81 silly audit   '@sinonjs/fake-timers': [ '8.1.0' ],
81 silly audit   '@surma/rollup-plugin-off-main-thread': [ '2.2.3' ],
81 silly audit   '@svgr/babel-plugin-add-jsx-attribute': [ '5.4.0' ],
81 silly audit   '@svgr/babel-plugin-remove-jsx-attribute': [ '5.4.0' ],
81 silly audit   '@svgr/babel-plugin-remove-jsx-empty-expression': [ '5.0.1' ],
81 silly audit   '@svgr/babel-plugin-replace-jsx-attribute-value': [ '5.0.1' ],
81 silly audit   '@svgr/babel-plugin-svg-dynamic-title': [ '5.4.0' ],
81 silly audit   '@svgr/babel-plugin-svg-em-dimensions': [ '5.4.0' ],
81 silly audit   '@svgr/babel-plugin-transform-react-native-svg': [ '5.4.0' ],
81 silly audit   '@svgr/babel-plugin-transform-svg-component': [ '5.5.0' ],
81 silly audit   '@svgr/babel-preset': [ '5.5.0' ],
81 silly audit   '@svgr/core': [ '5.5.0' ],
81 silly audit   '@svgr/hast-util-to-babel-ast': [ '5.5.0' ],
81 silly audit   '@svgr/plugin-jsx': [ '5.5.0' ],
81 silly audit   '@svgr/plugin-svgo': [ '5.5.0' ],
81 silly audit   '@svgr/webpack': [ '5.5.0' ],
81 silly audit   '@testing-library/dom': [ '10.4.1' ],
81 silly audit   'aria-query': [ '5.3.0', '5.3.2' ],
81 silly audit   '@testing-library/jest-dom': [ '6.9.1' ],
81 silly audit   'dom-accessibility-api': [ '0.6.3', '0.5.16' ],
81 silly audit   '@testing-library/react': [ '16.3.2' ],
81 silly audit   '@testing-library/user-event': [ '13.5.0' ],
81 silly audit   '@tootallnate/once': [ '1.1.2' ],
81 silly audit   '@trysound/sax': [ '0.2.0' ],
81 silly audit   '@types/aria-query': [ '5.0.4' ],
81 silly audit   '@types/babel__core': [ '7.20.5' ],
81 silly audit   '@types/babel__generator': [ '7.27.0' ],
81 silly audit   '@types/babel__template': [ '7.4.4' ],
81 silly audit   '@types/babel__traverse': [ '7.28.0' ],
81 silly audit   '@types/body-parser': [ '1.19.6' ],
81 silly audit   '@types/bonjour': [ '3.5.13' ],
81 silly audit   '@types/connect': [ '3.4.38' ],
81 silly audit   '@types/connect-history-api-fallback': [ '1.5.4' ],
81 silly audit   '@types/eslint': [ '8.56.12' ],
81 silly audit   '@types/eslint-scope': [ '3.7.7' ],
81 silly audit   '@types/express': [ '4.17.25' ],
81 silly audit   '@types/express-serve-static-core': [ '5.1.1', '4.19.8' ],
81 silly audit   '@types/graceful-fs': [ '4.1.9' ],
81 silly audit   '@types/html-minifier-terser': [ '6.1.0' ],
81 silly audit   '@types/http-errors': [ '2.0.5' ],
81 silly audit   '@types/http-proxy': [ '1.17.17' ],
81 silly audit   '@types/istanbul-lib-coverage': [ '2.0.6' ],
81 silly audit   '@types/istanbul-lib-report': [ '3.0.3' ],
81 silly audit   '@types/istanbul-reports': [ '3.0.4' ],
81 silly audit   '@types/json-schema': [ '7.0.15' ],
81 silly audit   '@types/json5': [ '0.0.29' ],
81 silly audit   '@types/mime': [ '1.3.5' ],
81 silly audit   '@types/node': [ '25.2.0' ],
81 silly audit   '@types/node-forge': [ '1.3.14' ],
81 silly audit   '@types/parse-json': [ '4.0.2' ],
81 silly audit   '@types/prettier': [ '2.7.3' ],
81 silly audit   '@types/q': [ '1.5.8' ],
81 silly audit   '@types/qs': [ '6.14.0' ],
81 silly audit   '@types/range-parser': [ '1.2.7' ],
81 silly audit   '@types/resolve': [ '1.17.1' ],
81 silly audit   '@types/retry': [ '0.12.0' ],
81 silly audit   '@types/semver': [ '7.7.1' ],
81 silly audit   '@types/send': [ '1.2.1', '0.17.6' ],
81 silly audit   '@types/serve-index': [ '1.9.4' ],
81 silly audit   '@types/serve-static': [ '1.15.10' ],
81 silly audit   '@types/sockjs': [ '0.3.36' ],
81 silly audit   '@types/stack-utils': [ '2.0.3' ],
81 silly audit   '@types/trusted-types': [ '2.0.7' ],
81 silly audit   '@types/ws': [ '8.18.1' ],
81 silly audit   '@types/yargs': [ '16.0.11', '17.0.35' ],
81 silly audit   '@types/yargs-parser': [ '21.0.3' ],
81 silly audit   '@typescript-eslint/eslint-plugin': [ '5.62.0' ],
81 silly audit   '@typescript-eslint/experimental-utils': [ '5.62.0' ],
81 silly audit   '@typescript-eslint/parser': [ '5.62.0' ],
81 silly audit   '@typescript-eslint/scope-manager': [ '5.62.0' ],
81 silly audit   '@typescript-eslint/type-utils': [ '5.62.0' ],
81 silly audit   '@typescript-eslint/types': [ '5.62.0' ],
81 silly audit   '@typescript-eslint/typescript-estree': [ '5.62.0' ],
81 silly audit   '@typescript-eslint/utils': [ '5.62.0' ],
81 silly audit   '@typescript-eslint/visitor-keys': [ '5.62.0' ],
81 silly audit   '@ungap/structured-clone': [ '1.3.0' ],
81 silly audit   '@webassemblyjs/ast': [ '1.14.1' ],
81 silly audit   '@webassemblyjs/floating-point-hex-parser': [ '1.13.2' ],
81 silly audit   '@webassemblyjs/helper-api-error': [ '1.13.2' ],
81 silly audit   '@webassemblyjs/helper-buffer': [ '1.14.1' ],
81 silly audit   '@webassemblyjs/helper-numbers': [ '1.13.2' ],
81 silly audit   '@webassemblyjs/helper-wasm-bytecode': [ '1.13.2' ],
81 silly audit   '@webassemblyjs/helper-wasm-section': [ '1.14.1' ],
81 silly audit   '@webassemblyjs/ieee754': [ '1.13.2' ],
81 silly audit   '@webassemblyjs/leb128': [ '1.13.2' ],
81 silly audit   '@webassemblyjs/utf8': [ '1.13.2' ],
81 silly audit   '@webassemblyjs/wasm-edit': [ '1.14.1' ],
81 silly audit   '@webassemblyjs/wasm-gen': [ '1.14.1' ],
81 silly audit   '@webassemblyjs/wasm-opt': [ '1.14.1' ],
81 silly audit   '@webassemblyjs/wasm-parser': [ '1.14.1' ],
81 silly audit   '@webassemblyjs/wast-printer': [ '1.14.1' ],
81 silly audit   '@xtuc/ieee754': [ '1.2.0' ],
81 silly audit   '@xtuc/long': [ '4.2.2' ],
81 silly audit   abab: [ '2.0.6' ],
81 silly audit   accepts: [ '1.3.8' ],
81 silly audit   negotiator: [ '0.6.3', '0.6.4' ],
81 silly audit   acorn: [ '8.15.0', '7.4.1' ],
81 silly audit   'acorn-globals': [ '6.0.0' ],
81 silly audit   'acorn-import-phases': [ '1.0.4' ],
81 silly audit   'acorn-jsx': [ '5.3.2' ],
81 silly audit   'acorn-walk': [ '7.2.0' ],
81 silly audit   address: [ '1.2.2' ],
81 silly audit   'adjust-sourcemap-loader': [ '4.0.0' ],
81 silly audit   'agent-base': [ '6.0.2' ],
81 silly audit   ajv: [ '6.12.6', '8.17.1' ],
81 silly audit   'ajv-formats': [ '2.1.1' ],
81 silly audit   'json-schema-traverse': [ '1.0.0', '0.4.1' ],
81 silly audit   'ajv-keywords': [ '3.5.2', '5.1.0' ],
81 silly audit   'ansi-escapes': [ '4.3.2' ],
81 silly audit   'type-fest': [ '0.21.3', '0.16.0', '0.20.2' ],
81 silly audit   'ansi-html': [ '0.0.9' ],
81 silly audit   'ansi-html-community': [ '0.0.8' ],
81 silly audit   'ansi-regex': [ '5.0.1', '6.2.2' ],
81 silly audit   'ansi-styles': [ '4.3.0', '3.2.1', '5.2.0' ],
81 silly audit   'any-promise': [ '1.3.0' ],
81 silly audit   anymatch: [ '3.1.3' ],
81 silly audit   arg: [ '5.0.2' ],
81 silly audit   'array-buffer-byte-length': [ '1.0.2' ],
81 silly audit   'array-flatten': [ '1.1.1' ],
81 silly audit   'array-includes': [ '3.1.9' ],
81 silly audit   'array-union': [ '2.1.0' ],
81 silly audit   'array.prototype.findlast': [ '1.2.5' ],
81 silly audit   'array.prototype.findlastindex': [ '1.2.6' ],
81 silly audit   'array.prototype.flat': [ '1.3.3' ],
81 silly audit   'array.prototype.flatmap': [ '1.3.3' ],
81 silly audit   'array.prototype.reduce': [ '1.0.8' ],
81 silly audit   'array.prototype.tosorted': [ '1.1.4' ],
81 silly audit   'arraybuffer.prototype.slice': [ '1.0.4' ],
81 silly audit   asap: [ '2.0.6' ],
81 silly audit   'ast-types-flow': [ '0.0.8' ],
81 silly audit   async: [ '3.2.6' ],
81 silly audit   'async-function': [ '1.0.0' ],
81 silly audit   asynckit: [ '0.4.0' ],
81 silly audit   'at-least-node': [ '1.0.0' ],
81 silly audit   autoprefixer: [ '10.4.24' ],
81 silly audit   'available-typed-arrays': [ '1.0.7' ],
81 silly audit   'axe-core': [ '4.11.1' ],
81 silly audit   'axobject-query': [ '4.1.0' ],
81 silly audit   'babel-jest': [ '27.5.1' ],
81 silly audit   'babel-loader': [ '8.4.1' ],
81 silly audit   'schema-utils': [ '2.7.1', '3.3.0', '2.7.0', '4.3.3' ],
81 silly audit   'babel-plugin-istanbul': [ '6.1.1' ],
81 silly audit   'babel-plugin-jest-hoist': [ '27.5.1' ],
81 silly audit   'babel-plugin-macros': [ '3.1.0' ],
81 silly audit   'babel-plugin-named-asset-import': [ '0.3.8' ],
81 silly audit   'babel-plugin-polyfill-corejs2': [ '0.4.15' ],
81 silly audit   'babel-plugin-polyfill-regenerator': [ '0.6.6' ],
81 silly audit   'babel-plugin-transform-react-remove-prop-types': [ '0.4.24' ],
81 silly audit   'babel-preset-current-node-syntax': [ '1.2.0' ],
81 silly audit   'babel-preset-jest': [ '27.5.1' ],
81 silly audit   'babel-preset-react-app': [ '10.1.0' ],
81 silly audit   'balanced-match': [ '1.0.2' ],
81 silly audit   'baseline-browser-mapping': [ '2.9.19' ],
81 silly audit   batch: [ '0.6.1' ],
81 silly audit   bfj: [ '7.1.0' ],
81 silly audit   'big.js': [ '5.2.2' ],
81 silly audit   'binary-extensions': [ '2.3.0' ],
81 silly audit   bluebird: [ '3.7.2' ],
81 silly audit   'body-parser': [ '1.20.4' ],
81 silly audit   debug: [ '2.6.9', '4.4.3', '3.2.7' ],
81 silly audit   'iconv-lite': [ '0.4.24', '0.6.3' ],
81 silly audit   ms: [ '2.0.0', '2.1.3' ],
81 silly audit   'bonjour-service': [ '1.3.0' ],
81 silly audit   boolbase: [ '1.0.0' ],
81 silly audit   'brace-expansion': [ '1.1.12', '2.0.2' ],
81 silly audit   braces: [ '3.0.3' ],
81 silly audit   'browser-process-hrtime': [ '1.0.0' ],
81 silly audit   browserslist: [ '4.28.1' ],
81 silly audit   bser: [ '2.1.1' ],
81 silly audit   'buffer-from': [ '1.1.2' ],
81 silly audit   'builtin-modules': [ '3.3.0' ],
81 silly audit   bytes: [ '3.1.2' ],
81 silly audit   'call-bind': [ '1.0.8' ],
81 silly audit   'call-bind-apply-helpers': [ '1.0.2' ],
81 silly audit   'call-bound': [ '1.0.4' ],
81 silly audit   callsites: [ '3.1.0' ],
81 silly audit   'camel-case': [ '4.1.2' ],
81 silly audit   'camelcase-css': [ '2.0.1' ],
81 silly audit   'caniuse-api': [ '3.0.0' ],
81 silly audit   'caniuse-lite': [ '1.0.30001767' ],
81 silly audit   'case-sensitive-paths-webpack-plugin': [ '2.4.0' ],
81 silly audit   chalk: [ '4.1.2', '2.4.2' ],
81 silly audit   'char-regex': [ '1.0.2', '2.0.2' ],
81 silly audit   'check-types': [ '11.2.3' ],
81 silly audit   chokidar: [ '3.6.0' ],
81 silly audit   'glob-parent': [ '5.1.2', '6.0.2' ],
81 silly audit   'chrome-trace-event': [ '1.0.4' ],
81 silly audit   'ci-info': [ '3.9.0' ],
81 silly audit   'cjs-module-lexer': [ '1.4.3' ],
81 silly audit   'clean-css': [ '5.3.3' ],
81 silly audit   cliui: [ '7.0.4' ],
81 silly audit   co: [ '4.6.0' ],
81 silly audit   coa: [ '2.0.2' ],
81 silly audit   'color-convert': [ '1.9.3', '2.0.1' ],
81 silly audit   'color-name': [ '1.1.3', '1.1.4' ],
81 silly audit   'escape-string-regexp': [ '1.0.5', '4.0.0', '2.0.0' ],
81 silly audit   'has-flag': [ '3.0.0', '4.0.0' ],
81 silly audit   'supports-color': [ '5.5.0', '8.1.1', '7.2.0' ],
81 silly audit   'collect-v8-coverage': [ '1.0.3' ],
81 silly audit   colord: [ '2.9.3' ],
81 silly audit   colorette: [ '2.0.20' ],
81 silly audit   'combined-stream': [ '1.0.8' ],
81 silly audit   commander: [ '8.3.0', '7.2.0', '4.1.1', '2.20.3' ],
81 silly audit   'common-tags': [ '1.8.2' ],
81 silly audit   commondir: [ '1.0.1' ],
81 silly audit   compressible: [ '2.0.18' ],
81 silly audit   compression: [ '1.8.1' ],
81 silly audit   'concat-map': [ '0.0.1' ],
81 silly audit   'confusing-browser-globals': [ '1.0.11' ],
81 silly audit   'connect-history-api-fallback': [ '2.0.0' ],
81 silly audit   'content-disposition': [ '0.5.4' ],
81 silly audit   'content-type': [ '1.0.5' ],
81 silly audit   cookie: [ '0.7.2', '1.1.1' ],
81 silly audit   'cookie-signature': [ '1.0.7' ],
81 silly audit   'core-js': [ '3.48.0' ],
81 silly audit   'core-js-compat': [ '3.48.0' ],
81 silly audit   'core-js-pure': [ '3.48.0' ],
81 silly audit   'core-util-is': [ '1.0.3' ],
81 silly audit   cosmiconfig: [ '7.1.0', '6.0.0' ],
81 silly audit   'cross-spawn': [ '7.0.6' ],
81 silly audit   'crypto-random-string': [ '2.0.0' ],
81 silly audit   'css-blank-pseudo': [ '3.0.3' ],
81 silly audit   'css-declaration-sorter': [ '6.4.1' ],
81 silly audit   'css-has-pseudo': [ '3.0.4' ],
81 silly audit   'css-loader': [ '6.11.0' ],
81 silly audit   'css-minimizer-webpack-plugin': [ '3.4.1' ],
81 silly audit   'css-prefers-color-scheme': [ '6.0.3' ],
81 silly audit   'css-select': [ '4.3.0', '2.1.0' ],
81 silly audit   'css-select-base-adapter': [ '0.1.1' ],
81 silly audit   'css-tree': [ '1.0.0-alpha.37', '1.1.3' ],
81 silly audit   'css-what': [ '6.2.2', '3.4.2' ],
81 silly audit   'css.escape': [ '1.5.1' ],
81 silly audit   cssdb: [ '7.11.2' ],
81 silly audit   cssesc: [ '3.0.0' ],
81 silly audit   cssnano: [ '5.1.15' ],
81 silly audit   'cssnano-preset-default': [ '5.2.14' ],
81 silly audit   'cssnano-utils': [ '3.1.0' ],
81 silly audit   csso: [ '4.2.0' ],
81 silly audit   'mdn-data': [ '2.0.14', '2.0.4' ],
81 silly audit   cssom: [ '0.4.4', '0.3.8' ],
81 silly audit   cssstyle: [ '2.3.0' ],
81 silly audit   'damerau-levenshtein': [ '1.0.8' ],
81 silly audit   'data-urls': [ '2.0.0' ],
81 silly audit   'data-view-buffer': [ '1.0.2' ],
81 silly audit   'data-view-byte-length': [ '1.0.2' ],
81 silly audit   'data-view-byte-offset': [ '1.0.1' ],
81 silly audit   'decimal.js': [ '10.6.0' ],
81 silly audit   dedent: [ '0.7.0' ],
81 silly audit   'deep-is': [ '0.1.4' ],
81 silly audit   deepmerge: [ '4.3.1' ],
81 silly audit   'default-gateway': [ '6.0.3' ],
81 silly audit   'define-data-property': [ '1.1.4' ],
81 silly audit   'define-lazy-prop': [ '2.0.0' ],
81 silly audit   'define-properties': [ '1.2.1' ],
81 silly audit   'delayed-stream': [ '1.0.0' ],
81 silly audit   depd: [ '2.0.0', '1.1.2' ],
81 silly audit   dequal: [ '2.0.3' ],
81 silly audit   destroy: [ '1.2.0' ],
81 silly audit   'detect-newline': [ '3.1.0' ],
81 silly audit   'detect-node': [ '2.1.0' ],
81 silly audit   'detect-port-alt': [ '1.1.6' ],
81 silly audit   didyoumean: [ '1.2.2' ],
81 silly audit   'diff-sequences': [ '27.5.1' ],
81 silly audit   'dir-glob': [ '3.0.1' ],
81 silly audit   dlv: [ '1.1.3' ],
81 silly audit   'dns-packet': [ '5.6.1' ],
81 silly audit   doctrine: [ '3.0.0', '2.1.0' ],
81 silly audit   'dom-converter': [ '0.2.0' ],
81 silly audit   'dom-serializer': [ '1.4.1', '0.2.2' ],
81 silly audit   domelementtype: [ '2.3.0', '1.3.1' ],
81 silly audit   domexception: [ '2.0.1' ],
81 silly audit   'webidl-conversions': [ '5.0.0', '6.1.0', '4.0.2' ],
81 silly audit   domhandler: [ '4.3.1' ],
81 silly audit   domutils: [ '2.8.0', '1.7.0' ],
81 silly audit   'dot-case': [ '3.0.4' ],
81 silly audit   dotenv: [ '10.0.0' ],
81 silly audit   'dotenv-expand': [ '5.1.0' ],
81 silly audit   'dunder-proto': [ '1.0.1' ],
81 silly audit   duplexer: [ '0.1.2' ],
81 silly audit   'ee-first': [ '1.1.1' ],
81 silly audit   ejs: [ '3.1.10' ],
81 silly audit   'electron-to-chromium': [ '1.5.286' ],
81 silly audit   emittery: [ '0.8.1', '0.10.2' ],
81 silly audit   'emoji-regex': [ '9.2.2', '8.0.0' ],
81 silly audit   'emojis-list': [ '3.0.0' ],
81 silly audit   encodeurl: [ '2.0.0' ],
81 silly audit   'enhanced-resolve': [ '5.19.0' ],
81 silly audit   entities: [ '2.2.0' ],
81 silly audit   'error-ex': [ '1.3.4' ],
81 silly audit   'error-stack-parser': [ '2.1.4' ],
81 silly audit   'es-abstract': [ '1.24.1' ],
81 silly audit   'es-array-method-boxes-properly': [ '1.0.0' ],
81 silly audit   'es-define-property': [ '1.0.1' ],
81 silly audit   'es-errors': [ '1.3.0' ],
81 silly audit   'es-iterator-helpers': [ '1.2.2' ],
81 silly audit   'es-module-lexer': [ '2.0.0' ],
81 silly audit   'es-object-atoms': [ '1.1.1' ],
81 silly audit   'es-set-tostringtag': [ '2.1.0' ],
81 silly audit   'es-shim-unscopables': [ '1.1.0' ],
81 silly audit   'es-to-primitive': [ '1.3.0' ],
81 silly audit   escalade: [ '3.2.0' ],
81 silly audit   'escape-html': [ '1.0.3' ],
81 silly audit   escodegen: [ '2.1.0', '1.14.3' ],
81 silly audit   eslint: [ '8.57.1' ],
81 silly audit   'eslint-config-react-app': [ '7.0.1' ],
81 silly audit   'eslint-import-resolver-node': [ '0.3.9' ],
81 silly audit   'eslint-module-utils': [ '2.12.1' ],
81 silly audit   'eslint-plugin-flowtype': [ '8.0.3' ],
81 silly audit   'eslint-plugin-import': [ '2.32.0' ],
81 silly audit   'eslint-plugin-jest': [ '25.7.0' ],
81 silly audit   'eslint-plugin-jsx-a11y': [ '6.10.2' ],
81 silly audit   'eslint-plugin-react': [ '7.37.5' ],
81 silly audit   'eslint-plugin-react-hooks': [ '4.6.2' ],
81 silly audit   resolve: [ '2.0.0-next.5', '1.22.11' ],
81 silly audit   'eslint-plugin-testing-library': [ '5.11.1' ],
81 silly audit   'eslint-webpack-plugin': [ '3.2.0' ],
81 silly audit   'jest-worker': [ '28.1.3', '27.5.1', '26.6.2' ],
81 silly audit   'find-up': [ '5.0.0', '4.1.0', '3.0.0' ],
81 silly audit   'locate-path': [ '6.0.0', '5.0.0', '3.0.0' ],
81 silly audit   'p-limit': [ '3.1.0', '2.3.0' ],
81 silly audit   'p-locate': [ '5.0.0', '4.1.0', '3.0.0' ],
81 silly audit   espree: [ '9.6.1' ],
81 silly audit   esprima: [ '4.0.1', '1.2.2' ],
81 silly audit   esquery: [ '1.7.0' ],
81 silly audit   esrecurse: [ '4.3.0' ],
81 silly audit   'estree-walker': [ '1.0.1' ],
81 silly audit   esutils: [ '2.0.3' ],
81 silly audit   etag: [ '1.8.1' ],
81 silly audit   eventemitter3: [ '4.0.7' ],
81 silly audit   events: [ '3.3.0' ],
81 silly audit   execa: [ '5.1.1' ],
81 silly audit   exit: [ '0.1.2' ],
81 silly audit   expect: [ '27.5.1' ],
81 silly audit   express: [ '4.22.1' ],
81 silly audit   'fast-deep-equal': [ '3.1.3' ],
81 silly audit   'fast-glob': [ '3.3.3' ],
81 silly audit   'fast-json-stable-stringify': [ '2.1.0' ],
81 silly audit   'fast-levenshtein': [ '2.0.6' ],
81 silly audit   'fast-uri': [ '3.1.0' ],
81 silly audit   fastq: [ '1.20.1' ],
81 silly audit   'faye-websocket': [ '0.11.4' ],
81 silly audit   'fb-watchman': [ '2.0.2' ],
81 silly audit   'file-entry-cache': [ '6.0.1' ],
81 silly audit   'file-loader': [ '6.2.0' ],
81 silly audit   filelist: [ '1.0.4' ],
81 silly audit   minimatch: [ '5.1.6', '3.1.2' ],
81 silly audit   filesize: [ '8.0.7' ],
81 silly audit   'fill-range': [ '7.1.1' ],
81 silly audit   finalhandler: [ '1.3.2' ],
81 silly audit   'find-cache-dir': [ '3.3.2' ],
81 silly audit   'flat-cache': [ '3.2.0' ],
81 silly audit   flatted: [ '3.3.3' ],
81 silly audit   'follow-redirects': [ '1.15.11' ],
81 silly audit   'for-each': [ '0.3.5' ],
81 silly audit   'fork-ts-checker-webpack-plugin': [ '6.5.3' ],
81 silly audit   'fs-extra': [ '9.1.0', '10.1.0' ],
81 silly audit   tapable: [ '1.1.3', '2.3.0' ],
81 silly audit   'form-data': [ '3.0.4' ],
81 silly audit   forwarded: [ '0.2.0' ],
81 silly audit   'fraction.js': [ '5.3.4' ],
81 silly audit   fresh: [ '0.5.2' ],
81 silly audit   'fs-monkey': [ '1.1.0' ],
81 silly audit   'fs.realpath': [ '1.0.0' ],
81 silly audit   fsevents: [ '2.3.3' ],
81 silly audit   'function-bind': [ '1.1.2' ],
81 silly audit   'function.prototype.name': [ '1.1.8' ],
81 silly audit   'functions-have-names': [ '1.2.3' ],
81 silly audit   'generator-function': [ '2.0.1' ],
81 silly audit   gensync: [ '1.0.0-beta.2' ],
81 silly audit   'get-caller-file': [ '2.0.5' ],
81 silly audit   'get-intrinsic': [ '1.3.0' ],
81 silly audit   'get-own-enumerable-property-symbols': [ '3.0.2' ],
81 silly audit   'get-package-type': [ '0.1.0' ],
81 silly audit   'get-proto': [ '1.0.1' ],
81 silly audit   'get-stream': [ '6.0.1' ],
81 silly audit   'get-symbol-description': [ '1.1.0' ],
81 silly audit   glob: [ '7.2.3' ],
81 silly audit   'glob-to-regexp': [ '0.4.1' ],
81 silly audit   'global-modules': [ '2.0.0' ],
81 silly audit   'global-prefix': [ '3.0.0' ],
81 silly audit   which: [ '1.3.1', '2.0.2' ],
81 silly audit   globals: [ '13.24.0' ],
81 silly audit   globalthis: [ '1.0.4' ],
81 silly audit   globby: [ '11.1.0' ],
81 silly audit   gopd: [ '1.2.0' ],
81 silly audit   'graceful-fs': [ '4.2.11' ],
81 silly audit   graphemer: [ '1.4.0' ],
81 silly audit   'gzip-size': [ '6.0.0' ],
81 silly audit   'handle-thing': [ '2.0.1' ],
81 silly audit   'harmony-reflect': [ '1.6.2' ],
81 silly audit   'has-bigints': [ '1.1.0' ],
81 silly audit   'has-property-descriptors': [ '1.0.2' ],
81 silly audit   'has-proto': [ '1.2.0' ],
81 silly audit   'has-symbols': [ '1.1.0' ],
81 silly audit   'has-tostringtag': [ '1.0.2' ],
81 silly audit   hasown: [ '2.0.2' ],
81 silly audit   he: [ '1.2.0' ],
81 silly audit   hoopy: [ '0.1.4' ],
81 silly audit   'hpack.js': [ '2.1.6' ],
81 silly audit   isarray: [ '1.0.0', '2.0.5' ],
81 silly audit   'readable-stream': [ '2.3.8', '3.6.2' ],
81 silly audit   'safe-buffer': [ '5.1.2', '5.2.1' ],
81 silly audit   string_decoder: [ '1.1.1', '1.3.0' ],
81 silly audit   'html-encoding-sniffer': [ '2.0.1' ],
81 silly audit   'html-entities': [ '2.6.0' ],
81 silly audit   'html-escaper': [ '2.0.2' ],
81 silly audit   'html-minifier-terser': [ '6.1.0' ],
81 silly audit   'html-webpack-plugin': [ '5.6.6' ],
81 silly audit   htmlparser2: [ '6.1.0' ],
81 silly audit   'http-deceiver': [ '1.2.7' ],
81 silly audit   'http-errors': [ '2.0.1', '1.8.1' ],
81 silly audit   'http-parser-js': [ '0.5.10' ],
81 silly audit   'http-proxy': [ '1.18.1' ],
81 silly audit   'http-proxy-agent': [ '4.0.1' ],
81 silly audit   'http-proxy-middleware': [ '2.0.9' ],
81 silly audit   'https-proxy-agent': [ '5.0.1' ],
81 silly audit   'human-signals': [ '2.1.0' ],
81 silly audit   'icss-utils': [ '5.1.0' ],
81 silly audit   idb: [ '7.1.1' ],
81 silly audit   'identity-obj-proxy': [ '3.0.0' ],
81 silly audit   ignore: [ '5.3.2' ],
81 silly audit   immer: [ '9.0.21' ],
81 silly audit   'import-fresh': [ '3.3.1' ],
81 silly audit   'resolve-from': [ '4.0.0', '5.0.0' ],
81 silly audit   'import-local': [ '3.2.0' ],
81 silly audit   imurmurhash: [ '0.1.4' ],
81 silly audit   'indent-string': [ '4.0.0' ],
81 silly audit   inflight: [ '1.0.6' ],
81 silly audit   inherits: [ '2.0.4' ],
81 silly audit   ini: [ '1.3.8' ],
81 silly audit   'internal-slot': [ '1.1.0' ],
81 silly audit   'ipaddr.js': [ '2.3.0', '1.9.1' ],
81 silly audit   'is-array-buffer': [ '3.0.5' ],
81 silly audit   'is-arrayish': [ '0.2.1' ],
81 silly audit   'is-async-function': [ '2.1.1' ],
81 silly audit   'is-bigint': [ '1.1.0' ],
81 silly audit   'is-binary-path': [ '2.1.0' ],
81 silly audit   'is-boolean-object': [ '1.2.2' ],
81 silly audit   'is-callable': [ '1.2.7' ],
81 silly audit   'is-core-module': [ '2.16.1' ],
81 silly audit   'is-data-view': [ '1.0.2' ],
81 silly audit   'is-date-object': [ '1.1.0' ],
81 silly audit   'is-docker': [ '2.2.1' ],
81 silly audit   'is-extglob': [ '2.1.1' ],
81 silly audit   'is-finalizationregistry': [ '1.1.1' ],
81 silly audit   'is-fullwidth-code-point': [ '3.0.0' ],
81 silly audit   'is-generator-fn': [ '2.1.0' ],
81 silly audit   'is-generator-function': [ '1.1.2' ],
81 silly audit   'is-glob': [ '4.0.3' ],
81 silly audit   'is-map': [ '2.0.3' ],
81 silly audit   'is-module': [ '1.0.0' ],
81 silly audit   'is-negative-zero': [ '2.0.3' ],
81 silly audit   'is-number': [ '7.0.0' ],
81 silly audit   'is-number-object': [ '1.1.1' ],
81 silly audit   'is-obj': [ '1.0.1' ],
81 silly audit   'is-path-inside': [ '3.0.3' ],
81 silly audit   'is-plain-obj': [ '3.0.0' ],
81 silly audit   'is-potential-custom-element-name': [ '1.0.1' ],
81 silly audit   'is-regex': [ '1.2.1' ],
81 silly audit   'is-regexp': [ '1.0.0' ],
81 silly audit   'is-root': [ '2.1.0' ],
81 silly audit   'is-set': [ '2.0.3' ],
81 silly audit   'is-shared-array-buffer': [ '1.0.4' ],
81 silly audit   'is-stream': [ '2.0.1' ],
81 silly audit   'is-string': [ '1.1.1' ],
81 silly audit   'is-symbol': [ '1.1.1' ],
81 silly audit   'is-typed-array': [ '1.1.15' ],
81 silly audit   'is-typedarray': [ '1.0.0' ],
81 silly audit   'is-weakmap': [ '2.0.2' ],
81 silly audit   'is-weakref': [ '1.1.1' ],
81 silly audit   'is-weakset': [ '2.0.4' ],
81 silly audit   'is-wsl': [ '2.2.0' ],
81 silly audit   isexe: [ '2.0.0' ],
81 silly audit   'istanbul-lib-coverage': [ '3.2.2' ],
81 silly audit   'istanbul-lib-instrument': [ '5.2.1' ],
81 silly audit   'istanbul-lib-report': [ '3.0.1' ],
81 silly audit   'make-dir': [ '4.0.0', '3.1.0' ],
81 silly audit   'istanbul-lib-source-maps': [ '4.0.1' ],
81 silly audit   'istanbul-reports': [ '3.2.0' ],
81 silly audit   'iterator.prototype': [ '1.1.5' ],
81 silly audit   jake: [ '10.9.4' ],
81 silly audit   jest: [ '27.5.1' ],
81 silly audit   'jest-changed-files': [ '27.5.1' ],
81 silly audit   'jest-circus': [ '27.5.1' ],
81 silly audit   'jest-cli': [ '27.5.1' ],
81 silly audit   'jest-config': [ '27.5.1' ],
81 silly audit   'jest-diff': [ '27.5.1' ],
81 silly audit   'jest-docblock': [ '27.5.1' ],
81 silly audit   'jest-each': [ '27.5.1' ],
81 silly audit   'jest-environment-jsdom': [ '27.5.1' ],
81 silly audit   'jest-environment-node': [ '27.5.1' ],
81 silly audit   'jest-get-type': [ '27.5.1' ],
81 silly audit   'jest-haste-map': [ '27.5.1' ],
81 silly audit   'jest-jasmine2': [ '27.5.1' ],
81 silly audit   'jest-leak-detector': [ '27.5.1' ],
81 silly audit   'jest-matcher-utils': [ '27.5.1' ],
81 silly audit   'jest-message-util': [ '27.5.1', '28.1.3' ],
81 silly audit   'jest-mock': [ '27.5.1' ],
81 silly audit   'jest-pnp-resolver': [ '1.2.3' ],
81 silly audit   'jest-regex-util': [ '27.5.1', '28.0.2' ],
81 silly audit   'jest-resolve': [ '27.5.1' ],
81 silly audit   'jest-resolve-dependencies': [ '27.5.1' ],
81 silly audit   'jest-runner': [ '27.5.1' ],
81 silly audit   'jest-runtime': [ '27.5.1' ],
81 silly audit   'jest-serializer': [ '27.5.1' ],
81 silly audit   'jest-snapshot': [ '27.5.1' ],
81 silly audit   'jest-util': [ '27.5.1', '28.1.3' ],
81 silly audit   'jest-validate': [ '27.5.1' ],
81 silly audit   'jest-watch-typeahead': [ '1.1.0' ],
81 silly audit   slash: [ '3.0.0', '4.0.0' ],
81 silly audit   'jest-watcher': [ '28.1.3', '27.5.1' ],
81 silly audit   'string-length': [ '4.0.2', '5.0.1' ],
81 silly audit   'strip-ansi': [ '6.0.1', '7.1.2' ],
81 silly audit   'pretty-format': [ '28.1.3', '27.5.1' ],
81 silly audit   'react-is': [ '18.3.1', '16.13.1', '17.0.2' ],
81 silly audit   jiti: [ '1.21.7' ],
81 silly audit   'js-tokens': [ '4.0.0' ],
81 silly audit   jsdom: [ '16.7.0' ],
81 silly audit   jsesc: [ '3.1.0' ],
81 silly audit   'json-buffer': [ '3.0.1' ],
81 silly audit   'json-parse-even-better-errors': [ '2.3.1' ],
81 silly audit   'json-schema': [ '0.4.0' ],
81 silly audit   'json-stable-stringify-without-jsonify': [ '1.0.1' ],
81 silly audit   json5: [ '2.2.3', '1.0.2' ],
81 silly audit   jsonfile: [ '6.2.0' ],
81 silly audit   jsonpath: [ '1.1.1' ],
81 silly audit   jsonpointer: [ '5.0.1' ],
81 silly audit   'jsx-ast-utils': [ '3.3.5' ],
81 silly audit   keyv: [ '4.5.4' ],
81 silly audit   'kind-of': [ '6.0.3' ],
81 silly audit   kleur: [ '3.0.3' ],
81 silly audit   klona: [ '2.0.6' ],
81 silly audit   'language-subtag-registry': [ '0.3.23' ],
81 silly audit   'language-tags': [ '1.0.9' ],
81 silly audit   'launch-editor': [ '2.12.0' ],
81 silly audit   leven: [ '3.1.0' ],
81 silly audit   levn: [ '0.4.1', '0.3.0' ],
81 silly audit   lilconfig: [ '2.1.0', '3.1.3' ],
81 silly audit   'lines-and-columns': [ '1.2.4' ],
81 silly audit   'loader-runner': [ '4.3.1' ],
81 silly audit   'loader-utils': [ '2.0.4', '3.3.1' ],
81 silly audit   lodash: [ '4.17.23' ],
81 silly audit   'lodash.debounce': [ '4.0.8' ],
81 silly audit   'lodash.memoize': [ '4.1.2' ],
81 silly audit   'lodash.merge': [ '4.6.2' ],
81 silly audit   'lodash.sortby': [ '4.7.0' ],
81 silly audit   'lodash.uniq': [ '4.5.0' ],
81 silly audit   'loose-envify': [ '1.4.0' ],
81 silly audit   'lower-case': [ '2.0.2' ],
81 silly audit   'lru-cache': [ '5.1.1' ],
81 silly audit   'lz-string': [ '1.5.0' ],
81 silly audit   'magic-string': [ '0.25.9' ],
81 silly audit   makeerror: [ '1.0.12' ],
81 silly audit   'math-intrinsics': [ '1.1.0' ],
81 silly audit   'media-typer': [ '0.3.0' ],
81 silly audit   memfs: [ '3.5.3' ],
81 silly audit   'merge-descriptors': [ '1.0.3' ],
81 silly audit   'merge-stream': [ '2.0.0' ],
81 silly audit   merge2: [ '1.4.1' ],
81 silly audit   methods: [ '1.1.2' ],
81 silly audit   micromatch: [ '4.0.8' ],
81 silly audit   mime: [ '1.6.0' ],
81 silly audit   'mime-db': [ '1.52.0' ],
81 silly audit   'mime-types': [ '2.1.35' ],
81 silly audit   'mimic-fn': [ '2.1.0' ],
81 silly audit   'min-indent': [ '1.0.1' ],
81 silly audit   'mini-css-extract-plugin': [ '2.10.0' ],
81 silly audit   'minimalistic-assert': [ '1.0.1' ],
81 silly audit   minimist: [ '1.2.8' ],
81 silly audit   mkdirp: [ '0.5.6' ],
81 silly audit   'multicast-dns': [ '7.2.5' ],
81 silly audit   mz: [ '2.7.0' ],
81 silly audit   nanoid: [ '3.3.11' ],
81 silly audit   'natural-compare': [ '1.4.0' ],
81 silly audit   'natural-compare-lite': [ '1.4.0' ],
81 silly audit   'neo-async': [ '2.6.2' ],
81 silly audit   'no-case': [ '3.0.4' ],
81 silly audit   'node-forge': [ '1.3.3' ],
81 silly audit   'node-int64': [ '0.4.0' ],
81 silly audit   'node-releases': [ '2.0.27' ],
81 silly audit   'normalize-path': [ '3.0.0' ],
81 silly audit   'normalize-url': [ '6.1.0' ],
81 silly audit   'npm-run-path': [ '4.0.1' ],
81 silly audit   'nth-check': [ '2.1.1', '1.0.2' ],
81 silly audit   nwsapi: [ '2.2.23' ],
81 silly audit   'object-assign': [ '4.1.1' ],
81 silly audit   'object-hash': [ '3.0.0' ],
81 silly audit   'object-inspect': [ '1.13.4' ],
81 silly audit   'object-keys': [ '1.1.1' ],
81 silly audit   'object.assign': [ '4.1.7' ],
81 silly audit   'object.entries': [ '1.1.9' ],
81 silly audit   'object.fromentries': [ '2.0.8' ],
81 silly audit   'object.getownpropertydescriptors': [ '2.1.9' ],
81 silly audit   'object.groupby': [ '1.0.3' ],
81 silly audit   'object.values': [ '1.2.1' ],
81 silly audit   obuf: [ '1.1.2' ],
81 silly audit   'on-finished': [ '2.4.1' ],
81 silly audit   'on-headers': [ '1.1.0' ],
81 silly audit   once: [ '1.4.0' ],
81 silly audit   onetime: [ '5.1.2' ],
81 silly audit   open: [ '8.4.2' ],
81 silly audit   optionator: [ '0.9.4', '0.8.3' ],
81 silly audit   'own-keys': [ '1.0.1' ],
81 silly audit   'p-retry': [ '4.6.2' ],
81 silly audit   'p-try': [ '2.2.0' ],
81 silly audit   'param-case': [ '3.0.4' ],
81 silly audit   'parent-module': [ '1.0.1' ],
81 silly audit   'parse-json': [ '5.2.0' ],
81 silly audit   parse5: [ '6.0.1' ],
81 silly audit   parseurl: [ '1.3.3' ],
81 silly audit   'pascal-case': [ '3.1.2' ],
81 silly audit   'path-exists': [ '4.0.0', '3.0.0' ],
81 silly audit   'path-is-absolute': [ '1.0.1' ],
81 silly audit   'path-key': [ '3.1.1' ],
81 silly audit   'path-parse': [ '1.0.7' ],
81 silly audit   'path-to-regexp': [ '0.1.12' ],
81 silly audit   'path-type': [ '4.0.0' ],
81 silly audit   'performance-now': [ '2.1.0' ],
81 silly audit   picocolors: [ '1.1.1', '0.2.1' ],
81 silly audit   picomatch: [ '2.3.1', '4.0.3' ],
81 silly audit   pify: [ '2.3.0' ],
81 silly audit   pirates: [ '4.0.7' ],
81 silly audit   'pkg-dir': [ '4.2.0' ],
81 silly audit   'pkg-up': [ '3.1.0' ],
81 silly audit   'possible-typed-array-names': [ '1.1.0' ],
81 silly audit   postcss: [ '8.5.6', '7.0.39' ],
81 silly audit   'postcss-attribute-case-insensitive': [ '5.0.2' ],
81 silly audit   'postcss-browser-comments': [ '4.0.0' ],
81 silly audit   'postcss-calc': [ '8.2.4' ],
81 silly audit   'postcss-clamp': [ '4.1.0' ],
81 silly audit   'postcss-color-functional-notation': [ '4.2.4' ],
81 silly audit   'postcss-color-hex-alpha': [ '8.0.4' ],
81 silly audit   'postcss-color-rebeccapurple': [ '7.1.1' ],
81 silly audit   'postcss-colormin': [ '5.3.1' ],
81 silly audit   'postcss-convert-values': [ '5.1.3' ],
81 silly audit   'postcss-custom-media': [ '8.0.2' ],
81 silly audit   'postcss-custom-properties': [ '12.1.11' ],
81 silly audit   'postcss-custom-selectors': [ '6.0.3' ],
81 silly audit   'postcss-dir-pseudo-class': [ '6.0.5' ],
81 silly audit   'postcss-discard-comments': [ '5.1.2' ],
81 silly audit   'postcss-discard-duplicates': [ '5.1.0' ],
81 silly audit   'postcss-discard-empty': [ '5.1.1' ],
81 silly audit   'postcss-discard-overridden': [ '5.1.0' ],
81 silly audit   'postcss-double-position-gradients': [ '3.1.2' ],
81 silly audit   'postcss-env-function': [ '4.0.6' ],
81 silly audit   'postcss-flexbugs-fixes': [ '5.0.2' ],
81 silly audit   'postcss-focus-visible': [ '6.0.4' ],
81 silly audit   'postcss-focus-within': [ '5.0.4' ],
81 silly audit   'postcss-font-variant': [ '5.0.0' ],
81 silly audit   'postcss-gap-properties': [ '3.0.5' ],
81 silly audit   'postcss-image-set-function': [ '4.0.7' ],
81 silly audit   'postcss-import': [ '15.1.0' ],
81 silly audit   'postcss-initial': [ '4.0.1' ],
81 silly audit   'postcss-js': [ '4.1.0' ],
81 silly audit   'postcss-lab-function': [ '4.2.1' ],
81 silly audit   'postcss-loader': [ '6.2.1' ],
81 silly audit   'postcss-logical': [ '5.0.4' ],
81 silly audit   'postcss-media-minmax': [ '5.0.0' ],
81 silly audit   'postcss-merge-longhand': [ '5.1.7' ],
81 silly audit   'postcss-merge-rules': [ '5.1.4' ],
81 silly audit   'postcss-minify-font-values': [ '5.1.0' ],
81 silly audit   'postcss-minify-gradients': [ '5.1.1' ],
81 silly audit   'postcss-minify-params': [ '5.1.4' ],
81 silly audit   'postcss-minify-selectors': [ '5.2.1' ],
81 silly audit   'postcss-modules-extract-imports': [ '3.1.0' ],
81 silly audit   'postcss-modules-local-by-default': [ '4.2.0' ],
81 silly audit   'postcss-selector-parser': [ '7.1.1', '6.1.2' ],
81 silly audit   'postcss-modules-scope': [ '3.2.1' ],
81 silly audit   'postcss-modules-values': [ '4.0.0' ],
81 silly audit   'postcss-nested': [ '6.2.0' ],
81 silly audit   'postcss-nesting': [ '10.2.0' ],
81 silly audit   'postcss-normalize': [ '10.0.1' ],
81 silly audit   'postcss-normalize-charset': [ '5.1.0' ],
81 silly audit   'postcss-normalize-display-values': [ '5.1.0' ],
81 silly audit   'postcss-normalize-positions': [ '5.1.1' ],
81 silly audit   'postcss-normalize-repeat-style': [ '5.1.1' ],
81 silly audit   'postcss-normalize-string': [ '5.1.0' ],
81 silly audit   'postcss-normalize-timing-functions': [ '5.1.0' ],
81 silly audit   'postcss-normalize-unicode': [ '5.1.1' ],
81 silly audit   'postcss-normalize-url': [ '5.1.0' ],
81 silly audit   'postcss-normalize-whitespace': [ '5.1.1' ],
81 silly audit   'postcss-opacity-percentage': [ '1.1.3' ],
81 silly audit   'postcss-ordered-values': [ '5.1.3' ],
81 silly audit   'postcss-overflow-shorthand': [ '3.0.4' ],
81 silly audit   'postcss-page-break': [ '3.0.4' ],
81 silly audit   'postcss-place': [ '7.0.5' ],
81 silly audit   'postcss-preset-env': [ '7.8.3' ],
81 silly audit   'postcss-pseudo-class-any-link': [ '7.1.6' ],
81 silly audit   'postcss-reduce-initial': [ '5.1.2' ],
81 silly audit   'postcss-reduce-transforms': [ '5.1.0' ],
81 silly audit   'postcss-replace-overflow-wrap': [ '4.0.0' ],
81 silly audit   'postcss-selector-not': [ '6.0.1' ],
81 silly audit   'postcss-svgo': [ '5.1.0' ],
81 silly audit   svgo: [ '2.8.0', '1.3.2' ],
81 silly audit   'postcss-unique-selectors': [ '5.1.1' ],
81 silly audit   'postcss-value-parser': [ '4.2.0' ],
81 silly audit   'prelude-ls': [ '1.2.1', '1.1.2' ],
81 silly audit   'pretty-bytes': [ '5.6.0' ],
81 silly audit   'pretty-error': [ '4.0.0' ],
81 silly audit   'process-nextick-args': [ '2.0.1' ],
81 silly audit   promise: [ '8.3.0' ],
81 silly audit   prompts: [ '2.4.2' ],
81 silly audit   'prop-types': [ '15.8.1' ],
81 silly audit   'proxy-addr': [ '2.0.7' ],
81 silly audit   psl: [ '1.15.0' ],
81 silly audit   punycode: [ '2.3.1' ],
81 silly audit   q: [ '1.5.1' ],
81 silly audit   qs: [ '6.14.1' ],
81 silly audit   querystringify: [ '2.2.0' ],
81 silly audit   'queue-microtask': [ '1.2.3' ],
81 silly audit   raf: [ '3.4.1' ],
81 silly audit   randombytes: [ '2.1.0' ],
81 silly audit   'range-parser': [ '1.2.1' ],
81 silly audit   'raw-body': [ '2.5.3' ],
81 silly audit   react: [ '19.2.4' ],
81 silly audit   'react-app-polyfill': [ '3.0.0' ],
81 silly audit   'react-dev-utils': [ '12.0.1' ],
81 silly audit   'react-dom': [ '19.2.4' ],
81 silly audit   'react-error-overlay': [ '6.1.0' ],
81 silly audit   'react-refresh': [ '0.11.0' ],
81 silly audit   'react-scripts': [ '5.0.1' ],
81 silly audit   'read-cache': [ '1.0.0' ],
81 silly audit   readdirp: [ '3.6.0' ],
81 silly audit   'recursive-readdir': [ '2.2.3' ],
81 silly audit   redent: [ '3.0.0' ],
81 silly audit   'reflect.getprototypeof': [ '1.0.10' ],
81 silly audit   regenerate: [ '1.4.2' ],
81 silly audit   'regenerate-unicode-properties': [ '10.2.2' ],
81 silly audit   'regenerator-runtime': [ '0.13.11' ],
81 silly audit   'regex-parser': [ '2.3.1' ],
81 silly audit   'regexp.prototype.flags': [ '1.5.4' ],
81 silly audit   'regexpu-core': [ '6.4.0' ],
81 silly audit   regjsgen: [ '0.8.0' ],
81 silly audit   regjsparser: [ '0.13.0' ],
81 silly audit   relateurl: [ '0.2.7' ],
81 silly audit   renderkid: [ '3.0.0' ],
81 silly audit   'require-directory': [ '2.1.1' ],
81 silly audit   'require-from-string': [ '2.0.2' ],
81 silly audit   'requires-port': [ '1.0.0' ],
81 silly audit   'resolve-cwd': [ '3.0.0' ],
81 silly audit   'resolve-url-loader': [ '4.0.0' ],
81 silly audit   'resolve.exports': [ '1.1.1' ],
81 silly audit   retry: [ '0.13.1' ],
81 silly audit   reusify: [ '1.1.0' ],
81 silly audit   rimraf: [ '3.0.2' ],
81 silly audit   rollup: [ '2.79.2' ],
81 silly audit   'rollup-plugin-terser': [ '7.0.2' ],
81 silly audit   'serialize-javascript': [ '4.0.0', '6.0.2' ],
81 silly audit   'run-parallel': [ '1.2.0' ],
81 silly audit   'safe-array-concat': [ '1.1.3' ],
81 silly audit   'safe-push-apply': [ '1.0.0' ],
81 silly audit   'safe-regex-test': [ '1.1.0' ],
81 silly audit   'safer-buffer': [ '2.1.2' ],
81 silly audit   'sanitize.css': [ '13.0.0' ],
81 silly audit   'sass-loader': [ '12.6.0' ],
81 silly audit   sax: [ '1.2.4' ],
81 silly audit   saxes: [ '5.0.1' ],
81 silly audit   scheduler: [ '0.27.0' ],
81 silly audit   'select-hose': [ '2.0.0' ],
81 silly audit   selfsigned: [ '2.4.1' ],
81 silly audit   send: [ '0.19.2' ],
81 silly audit   'serve-index': [ '1.9.2' ],
81 silly audit   statuses: [ '1.5.0', '2.0.2' ],
81 silly audit   'serve-static': [ '1.16.3' ],
81 silly audit   'set-function-length': [ '1.2.2' ],
81 silly audit   'set-function-name': [ '2.0.2' ],
81 silly audit   'set-proto': [ '1.0.0' ],
81 silly audit   setprototypeof: [ '1.2.0' ],
81 silly audit   'shebang-command': [ '2.0.0' ],
81 silly audit   'shebang-regex': [ '3.0.0' ],
81 silly audit   'shell-quote': [ '1.8.3' ],
81 silly audit   'side-channel': [ '1.1.0' ],
81 silly audit   'side-channel-list': [ '1.0.0' ],
81 silly audit   'side-channel-map': [ '1.0.1' ],
81 silly audit   'side-channel-weakmap': [ '1.0.2' ],
81 silly audit   'signal-exit': [ '3.0.7' ],
81 silly audit   sisteransi: [ '1.0.5' ],
81 silly audit   sockjs: [ '0.3.24' ],
81 silly audit   'source-list-map': [ '2.0.1' ],
81 silly audit   'source-map-js': [ '1.2.1' ],
81 silly audit   'source-map-loader': [ '3.0.2' ],
81 silly audit   'source-map-support': [ '0.5.21' ],
81 silly audit   'sourcemap-codec': [ '1.4.8' ],
81 silly audit   spdy: [ '4.0.2' ],
81 silly audit   'spdy-transport': [ '3.0.0' ],
81 silly audit   'sprintf-js': [ '1.0.3' ],
81 silly audit   stable: [ '0.1.8' ],
81 silly audit   'stack-utils': [ '2.0.6' ],
81 silly audit   stackframe: [ '1.3.4' ],
81 silly audit   'static-eval': [ '2.0.2' ],
81 silly audit   'type-check': [ '0.3.2', '0.4.0' ],
81 silly audit   'stop-iteration-iterator': [ '1.1.0' ],
81 silly audit   'string-natural-compare': [ '3.0.1' ],
81 silly audit   'string-width': [ '4.2.3' ],
81 silly audit   'string.prototype.includes': [ '2.0.1' ],
81 silly audit   'string.prototype.matchall': [ '4.0.12' ],
81 silly audit   'string.prototype.repeat': [ '1.0.0' ],
81 silly audit   'string.prototype.trim': [ '1.2.10' ],
81 silly audit   'string.prototype.trimend': [ '1.0.9' ],
81 silly audit   'string.prototype.trimstart': [ '1.0.8' ],
81 silly audit   'stringify-object': [ '3.3.0' ],
81 silly audit   'strip-bom': [ '4.0.0', '3.0.0' ],
81 silly audit   'strip-comments': [ '2.0.1' ],
81 silly audit   'strip-final-newline': [ '2.0.0' ],
81 silly audit   'strip-indent': [ '3.0.0' ],
81 silly audit   'strip-json-comments': [ '3.1.1' ],
81 silly audit   'style-loader': [ '3.3.4' ],
81 silly audit   stylehacks: [ '5.1.1' ],
81 silly audit   sucrase: [ '3.35.1' ],
81 silly audit   'supports-hyperlinks': [ '2.3.0' ],
81 silly audit   'supports-preserve-symlinks-flag': [ '1.0.0' ],
81 silly audit   'svg-parser': [ '2.0.4' ],
81 silly audit   'symbol-tree': [ '3.2.4' ],
81 silly audit   tailwindcss: [ '3.4.19' ],
81 silly audit   'postcss-load-config': [ '6.0.1' ],
81 silly audit   'temp-dir': [ '2.0.0' ],
81 silly audit   tempy: [ '0.6.0' ],
81 silly audit   'terminal-link': [ '2.1.1' ],
81 silly audit   terser: [ '5.46.0' ],
81 silly audit   'terser-webpack-plugin': [ '5.3.16' ],
81 silly audit   'test-exclude': [ '6.0.0' ],
81 silly audit   'text-table': [ '0.2.0' ],
81 silly audit   thenify: [ '3.3.1' ],
81 silly audit   'thenify-all': [ '1.6.0' ],
81 silly audit   throat: [ '6.0.2' ],
81 silly audit   thunky: [ '1.1.0' ],
81 silly audit   tinyglobby: [ '0.2.15' ],
81 silly audit   fdir: [ '6.5.0' ],
81 silly audit   tmpl: [ '1.0.5' ],
81 silly audit   'to-regex-range': [ '5.0.1' ],
81 silly audit   toidentifier: [ '1.0.1' ],
81 silly audit   'tough-cookie': [ '4.1.4' ],
81 silly audit   universalify: [ '0.2.0', '2.0.1' ],
81 silly audit   tr46: [ '2.1.0', '1.0.1' ],
81 silly audit   tryer: [ '1.0.1' ],
81 silly audit   'ts-interface-checker': [ '0.1.13' ],
81 silly audit   'tsconfig-paths': [ '3.15.0' ],
81 silly audit   tslib: [ '2.8.1', '1.14.1' ],
81 silly audit   tsutils: [ '3.21.0' ],
81 silly audit   'type-detect': [ '4.0.8' ],
81 silly audit   'type-is': [ '1.6.18' ],
81 silly audit   'typed-array-buffer': [ '1.0.3' ],
81 silly audit   'typed-array-byte-length': [ '1.0.3' ],
81 silly audit   'typed-array-byte-offset': [ '1.0.4' ],
81 silly audit   'typed-array-length': [ '1.0.7' ],
81 silly audit   'typedarray-to-buffer': [ '3.1.5' ],
81 silly audit   typescript: [ '4.9.5' ],
81 silly audit   'unbox-primitive': [ '1.1.0' ],
81 silly audit   underscore: [ '1.12.1' ],
81 silly audit   'undici-types': [ '7.16.0' ],
81 silly audit   'unicode-canonical-property-names-ecmascript': [ '2.0.1' ],
81 silly audit   'unicode-match-property-ecmascript': [ '2.0.0' ],
81 silly audit   'unicode-match-property-value-ecmascript': [ '2.2.1' ],
81 silly audit   'unicode-property-aliases-ecmascript': [ '2.2.0' ],
81 silly audit   'unique-string': [ '2.0.0' ],
81 silly audit   unpipe: [ '1.0.0' ],
81 silly audit   unquote: [ '1.1.1' ],
81 silly audit   upath: [ '1.2.0' ],
81 silly audit   'update-browserslist-db': [ '1.2.3' ],
81 silly audit   'uri-js': [ '4.4.1' ],
81 silly audit   'url-parse': [ '1.5.10' ],
81 silly audit   'util-deprecate': [ '1.0.2' ],
81 silly audit   'util.promisify': [ '1.0.1' ],
81 silly audit   utila: [ '0.4.0' ],
81 silly audit   'utils-merge': [ '1.0.1' ],
81 silly audit   uuid: [ '8.3.2' ],
81 silly audit   'v8-to-istanbul': [ '8.1.1' ],
81 silly audit   vary: [ '1.1.2' ],
81 silly audit   'w3c-hr-time': [ '1.0.2' ],
81 silly audit   'w3c-xmlserializer': [ '2.0.0' ],
81 silly audit   walker: [ '1.0.8' ],
81 silly audit   watchpack: [ '2.5.1' ],
81 silly audit   wbuf: [ '1.7.3' ],
81 silly audit   'web-vitals': [ '2.1.4' ],
81 silly audit   webpack: [ '5.105.0' ],
81 silly audit   'webpack-dev-middleware': [ '5.3.4' ],
81 silly audit   'webpack-dev-server': [ '4.15.2' ],
81 silly audit   ws: [ '8.19.0', '7.5.10' ],
81 silly audit   'webpack-manifest-plugin': [ '4.1.1' ],
81 silly audit   'webpack-sources': [ '2.3.1', '3.3.3', '1.4.3' ],
81 silly audit   'websocket-driver': [ '0.7.4' ],
81 silly audit   'websocket-extensions': [ '0.1.4' ],
81 silly audit   'whatwg-encoding': [ '1.0.5' ],
81 silly audit   'whatwg-fetch': [ '3.6.20' ],
81 silly audit   'whatwg-mimetype': [ '2.3.0' ],
81 silly audit   'whatwg-url': [ '8.7.0', '7.1.0' ],
81 silly audit   'which-boxed-primitive': [ '1.1.1' ],
81 silly audit   'which-builtin-type': [ '1.2.1' ],
81 silly audit   'which-collection': [ '1.0.2' ],
81 silly audit   'which-typed-array': [ '1.1.20' ],
81 silly audit   'word-wrap': [ '1.2.5' ],
81 silly audit   'workbox-background-sync': [ '6.6.0' ],
81 silly audit   'workbox-broadcast-update': [ '6.6.0' ],
81 silly audit   'workbox-build': [ '6.6.0' ],
81 silly audit   '@apideck/better-ajv-errors': [ '0.3.6' ],
81 silly audit   'workbox-cacheable-response': [ '6.6.0' ],
81 silly audit   'workbox-core': [ '6.6.0' ],
81 silly audit   'workbox-expiration': [ '6.6.0' ],
81 silly audit   'workbox-google-analytics': [ '6.6.0' ],
81 silly audit   'workbox-navigation-preload': [ '6.6.0' ],
81 silly audit   'workbox-precaching': [ '6.6.0' ],
81 silly audit   'workbox-range-requests': [ '6.6.0' ],
81 silly audit   'workbox-recipes': [ '6.6.0' ],
81 silly audit   'workbox-routing': [ '6.6.0' ],
81 silly audit   'workbox-strategies': [ '6.6.0' ],
81 silly audit   'workbox-streams': [ '6.6.0' ],
81 silly audit   'workbox-sw': [ '6.6.0' ],
81 silly audit   'workbox-webpack-plugin': [ '6.6.0' ],
81 silly audit   'workbox-window': [ '6.6.0' ],
81 silly audit   'wrap-ansi': [ '7.0.0' ],
81 silly audit   wrappy: [ '1.0.2' ],
81 silly audit   'write-file-atomic': [ '3.0.3' ],
81 silly audit   'xml-name-validator': [ '3.0.0' ],
81 silly audit   xmlchars: [ '2.2.0' ],
81 silly audit   y18n: [ '5.0.8' ],
81 silly audit   yallist: [ '3.1.1' ],
81 silly audit   yaml: [ '1.10.2' ],
81 silly audit   yargs: [ '16.2.0' ],
81 silly audit   'yargs-parser': [ '20.2.9' ],
81 silly audit   'yocto-queue': [ '0.1.0' ],
81 silly audit   'framer-motion': [ '12.31.0' ],
81 silly audit   'lucide-react': [ '0.563.0' ],
81 silly audit   'react-router-dom': [ '7.13.0' ],
81 silly audit   'motion-dom': [ '12.30.1' ],
81 silly audit   'motion-utils': [ '12.29.2' ],
81 silly audit   'react-router': [ '7.13.0' ],
81 silly audit   'set-cookie-parser': [ '2.7.2' ]
81 silly audit }
82 http cache set-cookie-parser@https://registry.npmjs.org/set-cookie-parser/-/set-cookie-parser-2.7.2.tgz 0ms (cache hit)
83 http cache motion-utils@https://registry.npmjs.org/motion-utils/-/motion-utils-12.29.2.tgz 0ms (cache hit)
84 http cache motion-dom@https://registry.npmjs.org/motion-dom/-/motion-dom-12.30.1.tgz 0ms (cache hit)
85 http cache react-router@https://registry.npmjs.org/react-router/-/react-router-7.13.0.tgz 0ms (cache hit)
86 http cache cookie@https://registry.npmjs.org/cookie/-/cookie-1.1.1.tgz 0ms (cache hit)
87 silly tarball no local data for set-cookie-parser@https://registry.npmjs.org/set-cookie-parser/-/set-cookie-parser-2.7.2.tgz. Extracting by manifest.
88 silly tarball no local data for motion-utils@https://registry.npmjs.org/motion-utils/-/motion-utils-12.29.2.tgz. Extracting by manifest.
89 silly tarball no local data for motion-dom@https://registry.npmjs.org/motion-dom/-/motion-dom-12.30.1.tgz. Extracting by manifest.
90 silly tarball no local data for react-router@https://registry.npmjs.org/react-router/-/react-router-7.13.0.tgz. Extracting by manifest.
91 silly tarball no local data for cookie@https://registry.npmjs.org/cookie/-/cookie-1.1.1.tgz. Extracting by manifest.
92 http cache lucide-react@https://registry.npmjs.org/lucide-react/-/lucide-react-0.563.0.tgz 1ms (cache hit)
93 http cache framer-motion@https://registry.npmjs.org/framer-motion/-/framer-motion-12.31.0.tgz 0ms (cache hit)
94 http cache react-router-dom@https://registry.npmjs.org/react-router-dom/-/react-router-dom-7.13.0.tgz 0ms (cache hit)
95 silly tarball no local data for lucide-react@https://registry.npmjs.org/lucide-react/-/lucide-react-0.563.0.tgz. Extracting by manifest.
96 silly tarball no local data for framer-motion@https://registry.npmjs.org/framer-motion/-/framer-motion-12.31.0.tgz. Extracting by manifest.
97 silly tarball no local data for react-router-dom@https://registry.npmjs.org/react-router-dom/-/react-router-dom-7.13.0.tgz. Extracting by manifest.
98 http fetch GET 200 https://registry.npmjs.org/set-cookie-parser/-/set-cookie-parser-2.7.2.tgz 198ms (cache miss)
99 http fetch POST 200 https://registry.npmjs.org/-/npm/v1/security/advisories/bulk 252ms
100 silly audit report {
100 silly audit report   jsonpath: [
100 silly audit report     {
100 silly audit report       id: 1112725,
100 silly audit report       url: 'https://github.com/advisories/GHSA-6c59-mwgh-r2x6',
100 silly audit report       title: 'JSONPath vulnerable to Prototype Pollution due to insufficient input validation of object keys in lib/index.js',
100 silly audit report       severity: 'moderate',
100 silly audit report       vulnerable_versions: '<=1.1.1',
100 silly audit report       cwe: [Array],
100 silly audit report       cvss: [Object]
100 silly audit report     }
100 silly audit report   ],
100 silly audit report   'nth-check': [
100 silly audit report     {
100 silly audit report       id: 1095141,
100 silly audit report       url: 'https://github.com/advisories/GHSA-rp65-9cf3-cjxr',
100 silly audit report       title: 'Inefficient Regular Expression Complexity in nth-check',
100 silly audit report       severity: 'high',
100 silly audit report       vulnerable_versions: '<2.0.1',
100 silly audit report       cwe: [Array],
100 silly audit report       cvss: [Object]
100 silly audit report     }
100 silly audit report   ],
100 silly audit report   postcss: [
100 silly audit report     {
100 silly audit report       id: 1109574,
100 silly audit report       url: 'https://github.com/advisories/GHSA-7fh5-64p2-3v2j',
100 silly audit report       title: 'PostCSS line return parsing error',
100 silly audit report       severity: 'moderate',
100 silly audit report       vulnerable_versions: '<8.4.31',
100 silly audit report       cwe: [Array],
100 silly audit report       cvss: [Object]
100 silly audit report     }
100 silly audit report   ],
100 silly audit report   'webpack-dev-server': [
100 silly audit report     {
100 silly audit report       id: 1108429,
100 silly audit report       url: 'https://github.com/advisories/GHSA-9jgg-88mc-972h',
100 silly audit report       title: "webpack-dev-server users' source code may be stolen when they access a malicious web site with non-Chromium based browser",
100 silly audit report       severity: 'moderate',
100 silly audit report       vulnerable_versions: '<=5.2.0',
100 silly audit report       cwe: [Array],
100 silly audit report       cvss: [Object]
100 silly audit report     },
100 silly audit report     {
100 silly audit report       id: 1108430,
100 silly audit report       url: 'https://github.com/advisories/GHSA-4v9v-hfq4-rm2v',
100 silly audit report       title: "webpack-dev-server users' source code may be stolen when they access a malicious web site",
100 silly audit report       severity: 'moderate',
100 silly audit report       vulnerable_versions: '<=5.2.0',
100 silly audit report       cwe: [Array],
100 silly audit report       cvss: [Object]
100 silly audit report     }
100 silly audit report   ]
100 silly audit report }
101 silly packumentCache corgi:https://registry.npmjs.org/jsonpath cache-miss
102 silly packumentCache corgi:https://registry.npmjs.org/nth-check cache-miss
103 silly packumentCache corgi:https://registry.npmjs.org/postcss cache-miss
104 silly packumentCache corgi:https://registry.npmjs.org/webpack-dev-server cache-miss
105 http fetch GET 200 https://registry.npmjs.org/nth-check 111ms (cache miss)
106 silly packumentCache corgi:https://registry.npmjs.org/nth-check set size:undefined disposed:false
107 http fetch GET 200 https://registry.npmjs.org/jsonpath 140ms (cache miss)
108 silly packumentCache corgi:https://registry.npmjs.org/jsonpath set size:undefined disposed:false
109 http fetch GET 200 https://registry.npmjs.org/motion-utils/-/motion-utils-12.29.2.tgz 426ms (cache miss)
110 http fetch GET 200 https://registry.npmjs.org/react-router-dom/-/react-router-dom-7.13.0.tgz 927ms (cache miss)
111 http fetch GET 200 https://registry.npmjs.org/cookie/-/cookie-1.1.1.tgz 944ms (cache miss)
112 http fetch GET 200 https://registry.npmjs.org/postcss 999ms (cache miss)
113 silly packumentCache corgi:https://registry.npmjs.org/postcss set size:undefined disposed:false
114 http fetch GET 200 https://registry.npmjs.org/webpack-dev-server 1065ms (cache miss)
115 silly packumentCache corgi:https://registry.npmjs.org/webpack-dev-server set size:undefined disposed:false
116 silly packumentCache corgi:https://registry.npmjs.org/bfj cache-miss
117 http fetch GET 200 https://registry.npmjs.org/bfj 286ms (cache miss)
118 silly packumentCache corgi:https://registry.npmjs.org/bfj set size:undefined disposed:false
119 silly packumentCache corgi:https://registry.npmjs.org/css-select cache-miss
120 http fetch GET 200 https://registry.npmjs.org/css-select 520ms (cache miss)
121 silly packumentCache corgi:https://registry.npmjs.org/css-select set size:undefined disposed:false
122 silly packumentCache corgi:https://registry.npmjs.org/resolve-url-loader cache-miss
123 http fetch GET 200 https://registry.npmjs.org/resolve-url-loader 1114ms (cache miss)
124 silly packumentCache corgi:https://registry.npmjs.org/resolve-url-loader set size:undefined disposed:false
125 silly packumentCache corgi:https://registry.npmjs.org/@pmmmwh%2freact-refresh-webpack-plugin cache-miss
126 silly packumentCache corgi:https://registry.npmjs.org/react-scripts cache-miss
127 http fetch GET 200 https://registry.npmjs.org/@pmmmwh%2freact-refresh-webpack-plugin 199ms (cache miss)
128 silly packumentCache corgi:https://registry.npmjs.org/@pmmmwh%2freact-refresh-webpack-plugin set size:undefined disposed:false
129 http fetch GET 200 https://registry.npmjs.org/react-scripts 353ms (cache miss)
130 silly packumentCache corgi:https://registry.npmjs.org/react-scripts set size:undefined disposed:false
131 http fetch GET 200 https://registry.npmjs.org/react-router/-/react-router-7.13.0.tgz 3694ms (cache miss)
132 silly packumentCache corgi:https://registry.npmjs.org/svgo cache-miss
133 http fetch GET 200 https://registry.npmjs.org/svgo 213ms (cache miss)
134 silly packumentCache corgi:https://registry.npmjs.org/svgo set size:undefined disposed:false
135 silly packumentCache corgi:https://registry.npmjs.org/@svgr%2fplugin-svgo cache-miss
136 http fetch GET 200 https://registry.npmjs.org/@svgr%2fplugin-svgo 189ms (cache miss)
137 silly packumentCache corgi:https://registry.npmjs.org/@svgr%2fplugin-svgo set size:undefined disposed:false
138 silly packumentCache corgi:https://registry.npmjs.org/@svgr%2fwebpack cache-miss
139 http fetch GET 200 https://registry.npmjs.org/@svgr%2fwebpack 209ms (cache miss)
140 silly packumentCache corgi:https://registry.npmjs.org/@svgr%2fwebpack set size:undefined disposed:false
141 http fetch GET 200 https://registry.npmjs.org/motion-dom/-/motion-dom-12.30.1.tgz 4478ms (cache miss)
142 http fetch GET 200 https://registry.npmjs.org/framer-motion/-/framer-motion-12.31.0.tgz 5670ms (cache miss)
143 http fetch GET 200 https://registry.npmjs.org/lucide-react/-/lucide-react-0.563.0.tgz 15505ms (cache miss)
144 silly ADD node_modules/set-cookie-parser
145 silly ADD node_modules/react-router
146 silly ADD node_modules/react-router/node_modules/cookie
147 silly ADD node_modules/motion-utils
148 silly ADD node_modules/motion-dom
149 silly ADD node_modules/react-router-dom
150 silly ADD node_modules/lucide-react
151 silly ADD node_modules/framer-motion
152 verbose cwd C:\Users\jamel\Code\architect-portfolio
153 verbose os Windows_NT 10.0.26100
154 verbose node v24.13.0
155 verbose npm  v11.6.2
156 notice
156 notice New [33mminor[39m version of npm available! [33m11.6.2[39m -> [34m11.8.0[39m
156 notice Changelog: [34mhttps://github.com/npm/cli/releases/tag/v11.8.0[39m
156 notice To update run: [4mnpm install -g npm@11.8.0[24m
156 notice  { force: true, Symbol(proc-log.meta): true }
157 verbose exit 0
158 info ok
